TpTrace Verbose: 0 : 22972, 1, 2024/03/16, 15:50:54.736, 73854775826, vstest.console.dll, Version: 17.9.0-release-23627-01 Current process architecture: X64
TpTrace Verbose: 0 : 22972, 1, 2024/03/16, 15:50:54.745, 73854863319, vstest.console.dll, Runtime location: C:\Program Files\dotnet\shared\Microsoft.NETCore.App\8.0.2
TpTrace Verbose: 0 : 22972, 1, 2024/03/16, 15:50:54.753, 73854945421, vstest.console.dll, ArtifactProcessingPostProcessModeProcessorExecutor.Initialize: ArtifactProcessingMode.Collect
TpTrace Verbose: 0 : 22972, 1, 2024/03/16, 15:50:54.753, 73854948947, vstest.console.dll, TestSessionCorrelationIdProcessorModeProcessorExecutor.Initialize: TestSessionCorrelationId '15516_bb4bc5bf-a314-4469-8abe-fda60b27f39c'
TpTrace Information: 0 : 22972, 1, 2024/03/16, 15:50:54.767, 73855084600, vstest.console.dll, FilePatternParser: The given file C:\Users\katia\OneDrive\Рабочий стол\Eventmi-AppSkeleton\Eventmi.Tests\bin\Debug\net6.0\fine-code-coverage\build-output\Eventmi.Tests.dll is a full path.
TpTrace Verbose: 0 : 22972, 1, 2024/03/16, 15:50:54.782, 73855237002, vstest.console.dll, TestPluginCache.DiscoverTestExtensions: finding test extensions in assemblies ends with: RuntimeProvider.dll TPluginInfo: Microsoft.VisualStudio.TestPlatform.Common.ExtensionFramework.Utilities.TestRuntimePluginInformation TExtension: Microsoft.VisualStudio.TestPlatform.ObjectModel.Host.ITestRuntimeProvider
TpTrace Verbose: 0 : 22972, 1, 2024/03/16, 15:50:54.783, 73855244208, vstest.console.dll, TestPluginCache.GetExtensionPaths: Filtered extension paths: 
TpTrace Verbose: 0 : 22972, 1, 2024/03/16, 15:50:54.783, 73855247092, vstest.console.dll, TestPluginCache.GetExtensionPaths: Added default extension paths: C:\Program Files\dotnet\sdk\8.0.200\Extensions\Microsoft.Diagnostics.NETCore.Client.dll
C:\Program Files\dotnet\sdk\8.0.200\Extensions\Microsoft.TestPlatform.Extensions.BlameDataCollector.dll
C:\Program Files\dotnet\sdk\8.0.200\Extensions\Microsoft.TestPlatform.Extensions.EventLogCollector.dll
C:\Program Files\dotnet\sdk\8.0.200\Extensions\Microsoft.TestPlatform.TestHostRuntimeProvider.dll
C:\Program Files\dotnet\sdk\8.0.200\Extensions\Microsoft.VisualStudio.TestPlatform.Extensions.Html.TestLogger.dll
C:\Program Files\dotnet\sdk\8.0.200\Extensions\Microsoft.VisualStudio.TestPlatform.Extensions.Trx.TestLogger.dll
TpTrace Verbose: 0 : 22972, 1, 2024/03/16, 15:50:54.783, 73855248458, vstest.console.dll, TestPluginCache.GetExtensionPaths: Added unfilterableExtensionPaths: 
TpTrace Information: 0 : 22972, 1, 2024/03/16, 15:50:54.785, 73855263357, vstest.console.dll, AssemblyResolver.ctor: Creating AssemblyResolver with searchDirectories C:\Program Files\dotnet\sdk\8.0.200\Extensions,C:\Program Files\dotnet\sdk\8.0.200
TpTrace Verbose: 0 : 22972, 1, 2024/03/16, 15:50:54.792, 73855332257, vstest.console.dll, TestPluginCache.DiscoverTestExtensions: Discovering the extensions using extension path.
TpTrace Verbose: 0 : 22972, 1, 2024/03/16, 15:50:54.792, 73855335813, vstest.console.dll, TestPluginCache.GetExtensionPaths: Filtered extension paths: 
TpTrace Verbose: 0 : 22972, 1, 2024/03/16, 15:50:54.792, 73855337258, vstest.console.dll, TestPluginCache.GetExtensionPaths: Added default extension paths: C:\Program Files\dotnet\sdk\8.0.200\Extensions\Microsoft.Diagnostics.NETCore.Client.dll
C:\Program Files\dotnet\sdk\8.0.200\Extensions\Microsoft.TestPlatform.Extensions.BlameDataCollector.dll
C:\Program Files\dotnet\sdk\8.0.200\Extensions\Microsoft.TestPlatform.Extensions.EventLogCollector.dll
C:\Program Files\dotnet\sdk\8.0.200\Extensions\Microsoft.TestPlatform.TestHostRuntimeProvider.dll
C:\Program Files\dotnet\sdk\8.0.200\Extensions\Microsoft.VisualStudio.TestPlatform.Extensions.Html.TestLogger.dll
C:\Program Files\dotnet\sdk\8.0.200\Extensions\Microsoft.VisualStudio.TestPlatform.Extensions.Trx.TestLogger.dll
TpTrace Verbose: 0 : 22972, 1, 2024/03/16, 15:50:54.792, 73855338046, vstest.console.dll, TestPluginCache.GetExtensionPaths: Added unfilterableExtensionPaths: 
TpTrace Verbose: 0 : 22972, 1, 2024/03/16, 15:50:54.792, 73855339827, vstest.console.dll, TestPluginCache.DiscoverTestExtensions: Discovering the extensions using allExtensionPaths: C:\Program Files\dotnet\sdk\8.0.200\Extensions\Microsoft.Diagnostics.NETCore.Client.dll
C:\Program Files\dotnet\sdk\8.0.200\Extensions\Microsoft.TestPlatform.Extensions.BlameDataCollector.dll
C:\Program Files\dotnet\sdk\8.0.200\Extensions\Microsoft.TestPlatform.Extensions.EventLogCollector.dll
C:\Program Files\dotnet\sdk\8.0.200\Extensions\Microsoft.TestPlatform.TestHostRuntimeProvider.dll
C:\Program Files\dotnet\sdk\8.0.200\Extensions\Microsoft.VisualStudio.TestPlatform.Extensions.Html.TestLogger.dll
C:\Program Files\dotnet\sdk\8.0.200\Extensions\Microsoft.VisualStudio.TestPlatform.Extensions.Trx.TestLogger.dll
TpTrace Information: 0 : 22972, 1, 2024/03/16, 15:50:54.793, 73855343068, vstest.console.dll, AssemblyResolver.AddSearchDirectories: Adding more searchDirectories C:\Program Files\dotnet\sdk\8.0.200\Extensions,C:\Program Files\dotnet\sdk\8.0.200
TpTrace Information: 0 : 22972, 1, 2024/03/16, 15:50:54.793, 73855345029, vstest.console.dll, AssemblyResolver.AddSearchDirectories: Adding more searchDirectories C:\Program Files\dotnet\sdk\8.0.200\Extensions,C:\Program Files\dotnet\sdk\8.0.200
TpTrace Information: 0 : 22972, 1, 2024/03/16, 15:50:54.793, 73855346456, vstest.console.dll, AssemblyResolver.AddSearchDirectories: Adding more searchDirectories C:\Program Files\dotnet\sdk\8.0.200\Extensions,C:\Program Files\dotnet\sdk\8.0.200
TpTrace Information: 0 : 22972, 1, 2024/03/16, 15:50:54.793, 73855347631, vstest.console.dll, AssemblyResolver.AddSearchDirectories: Adding more searchDirectories C:\Program Files\dotnet\sdk\8.0.200\Extensions,C:\Program Files\dotnet\sdk\8.0.200
TpTrace Information: 0 : 22972, 1, 2024/03/16, 15:50:54.793, 73855348585, vstest.console.dll, AssemblyResolver.AddSearchDirectories: Adding more searchDirectories C:\Program Files\dotnet\sdk\8.0.200\Extensions,C:\Program Files\dotnet\sdk\8.0.200
TpTrace Information: 0 : 22972, 1, 2024/03/16, 15:50:54.793, 73855349452, vstest.console.dll, AssemblyResolver.AddSearchDirectories: Adding more searchDirectories C:\Program Files\dotnet\sdk\8.0.200\Extensions,C:\Program Files\dotnet\sdk\8.0.200
TpTrace Information: 0 : 22972, 1, 2024/03/16, 15:50:54.795, 73855363313, vstest.console.dll, AssemblyResolver.OnResolve: Microsoft.Diagnostics.NETCore.Client: Resolving assembly.
TpTrace Information: 0 : 22972, 1, 2024/03/16, 15:50:54.795, 73855365882, vstest.console.dll, AssemblyResolver.OnResolve: Microsoft.Diagnostics.NETCore.Client: Searching in: 'C:\Program Files\dotnet\sdk\8.0.200\Extensions'.
TpTrace Information: 0 : 22972, 1, 2024/03/16, 15:50:54.835, 73855761590, vstest.console.dll, AssemblyResolver.OnResolve: Microsoft.Diagnostics.NETCore.Client: Loading assembly 'C:\Program Files\dotnet\sdk\8.0.200\Extensions\Microsoft.Diagnostics.NETCore.Client.dll'.
TpTrace Information: 0 : 22972, 1, 2024/03/16, 15:50:54.838, 73855791588, vstest.console.dll, AssemblyResolver.OnResolve: Resolved assembly: Microsoft.Diagnostics.NETCore.Client, from path: C:\Program Files\dotnet\sdk\8.0.200\Extensions\Microsoft.Diagnostics.NETCore.Client.dll
TpTrace Verbose: 0 : 22972, 1, 2024/03/16, 15:50:54.844, 73855851933, vstest.console.dll, MetadataReaderExtensionsHelper: Discovering extensions inside assembly 'Microsoft.Diagnostics.NETCore.Client, Version=0.2.9.2401, Culture=neutral, PublicKeyToken=31bf3856ad364e35' file path 'C:\Program Files\dotnet\sdk\8.0.200\Extensions\Microsoft.Diagnostics.NETCore.Client.dll'
TpTrace Information: 0 : 22972, 1, 2024/03/16, 15:50:54.854, 73855951914, vstest.console.dll, AssemblyResolver.OnResolve: Microsoft.Bcl.AsyncInterfaces: Resolving assembly.
TpTrace Information: 0 : 22972, 1, 2024/03/16, 15:50:54.854, 73855953829, vstest.console.dll, AssemblyResolver.OnResolve: Microsoft.Bcl.AsyncInterfaces: Searching in: 'C:\Program Files\dotnet\sdk\8.0.200\Extensions'.
TpTrace Information: 0 : 22972, 1, 2024/03/16, 15:50:54.854, 73855955370, vstest.console.dll, AssemblyResolver.OnResolve: Microsoft.Bcl.AsyncInterfaces: Assembly path does not exist: 'C:\Program Files\dotnet\sdk\8.0.200\Extensions\Microsoft.Bcl.AsyncInterfaces.dll', returning.
TpTrace Information: 0 : 22972, 1, 2024/03/16, 15:50:54.854, 73855957548, vstest.console.dll, AssemblyResolver.OnResolve: Microsoft.Bcl.AsyncInterfaces: Assembly path does not exist: 'C:\Program Files\dotnet\sdk\8.0.200\Extensions\Microsoft.Bcl.AsyncInterfaces.exe', returning.
TpTrace Information: 0 : 22972, 1, 2024/03/16, 15:50:54.854, 73855958285, vstest.console.dll, AssemblyResolver.OnResolve: Microsoft.Bcl.AsyncInterfaces: Searching in: 'C:\Program Files\dotnet\sdk\8.0.200'.
TpTrace Information: 0 : 22972, 1, 2024/03/16, 15:50:54.854, 73855959177, vstest.console.dll, AssemblyResolver.OnResolve: Microsoft.Bcl.AsyncInterfaces: Assembly path does not exist: 'C:\Program Files\dotnet\sdk\8.0.200\Microsoft.Bcl.AsyncInterfaces.dll', returning.
TpTrace Information: 0 : 22972, 1, 2024/03/16, 15:50:54.854, 73855959970, vstest.console.dll, AssemblyResolver.OnResolve: Microsoft.Bcl.AsyncInterfaces: Assembly path does not exist: 'C:\Program Files\dotnet\sdk\8.0.200\Microsoft.Bcl.AsyncInterfaces.exe', returning.
TpTrace Information: 0 : 22972, 1, 2024/03/16, 15:50:54.855, 73855960685, vstest.console.dll, AssemblyResolver.OnResolve: Microsoft.Bcl.AsyncInterfaces: Failed to load assembly.
TpTrace Verbose: 0 : 22972, 1, 2024/03/16, 15:50:54.855, 73855961324, vstest.console.dll, CurrentDomainAssemblyResolve: Resolving assembly 'Microsoft.Bcl.AsyncInterfaces'.
TpTrace Information: 0 : 22972, 1, 2024/03/16, 15:50:54.855, 73855962355, vstest.console.dll, AssemblyResolver.OnResolve: Microsoft.Bcl.AsyncInterfaces: Resolving assembly.
TpTrace Information: 0 : 22972, 1, 2024/03/16, 15:50:54.855, 73855962919, vstest.console.dll, AssemblyResolver.OnResolve: Microsoft.Bcl.AsyncInterfaces: Resolved from cache.
TpTrace Verbose: 0 : 22972, 1, 2024/03/16, 15:50:54.855, 73855963414, vstest.console.dll, CurrentDomainAssemblyResolve: Resolving assembly 'Microsoft.Bcl.AsyncInterfaces'.
TpTrace Verbose: 0 : 22972, 1, 2024/03/16, 15:50:54.855, 73855964263, vstest.console.dll, CurrentDomainAssemblyResolve: Failed to resolve assembly 'Microsoft.Bcl.AsyncInterfaces'.
TpTrace Verbose: 0 : 22972, 1, 2024/03/16, 15:50:54.865, 73856064107, vstest.console.dll, CurrentDomainAssemblyResolve: Failed to resolve assembly 'Microsoft.Bcl.AsyncInterfaces'.
TpTrace Warning: 0 : 22972, 1, 2024/03/16, 15:50:54.902, 73856434295, vstest.console.dll, TestPluginDiscoverer: Failed to get types from assembly 'Microsoft.Diagnostics.NETCore.Client, Version=0.2.9.2401, Culture=neutral, PublicKeyToken=31bf3856ad364e35'. Error: System.Reflection.ReflectionTypeLoadException: Unable to load one or more of the requested types.
Could not load file or assembly 'Microsoft.Bcl.AsyncInterfaces, Version=6.0.0.0, Culture=neutral, PublicKeyToken=cc7b13ffcd2ddd51'. The system cannot find the file specified.
   at System.Reflection.RuntimeModule.GetTypes(RuntimeModule module)
   at System.Reflection.RuntimeModule.GetTypes()
   at Microsoft.VisualStudio.TestPlatform.Common.ExtensionFramework.TestPluginDiscoverer.GetTestExtensionsFromAssembly[TPluginInfo,TExtension](Assembly assembly, Dictionary`2 pluginInfos, String filePath) in /_/src/Microsoft.TestPlatform.Common/ExtensionFramework/TestPluginDiscoverer.cs:line 158
System.IO.FileNotFoundException: Could not load file or assembly 'Microsoft.Bcl.AsyncInterfaces, Version=6.0.0.0, Culture=neutral, PublicKeyToken=cc7b13ffcd2ddd51'. The system cannot find the file specified.
File name: 'Microsoft.Bcl.AsyncInterfaces, Version=6.0.0.0, Culture=neutral, PublicKeyToken=cc7b13ffcd2ddd51'
 ---> System.IO.FileNotFoundException: Could not load file or assembly 'Microsoft.Bcl.AsyncInterfaces, Culture=neutral, PublicKeyToken=null'. The system cannot find the file specified.
File name: 'Microsoft.Bcl.AsyncInterfaces, Culture=neutral, PublicKeyToken=null'
   at System.Reflection.RuntimeAssembly.InternalLoad(AssemblyName assemblyName, StackCrawlMark& stackMark, AssemblyLoadContext assemblyLoadContext, RuntimeAssembly requestingAssembly, Boolean throwOnFileNotFound)
   at System.Reflection.Assembly.Load(AssemblyName assemblyRef)
   at Microsoft.VisualStudio.TestPlatform.Common.ExtensionFramework.TestPluginCache.CurrentDomainAssemblyResolve(Object sender, AssemblyResolveEventArgs args) in /_/src/Microsoft.TestPlatform.Common/ExtensionFramework/TestPluginCache.cs:line 513
   at System.Runtime.Loader.AssemblyLoadContext.GetFirstResolvedAssemblyFromResolvingEvent(AssemblyName assemblyName)
   at System.Runtime.Loader.AssemblyLoadContext.ResolveUsingEvent(AssemblyName assemblyName)
   at System.Runtime.Loader.AssemblyLoadContext.ResolveUsingResolvingEvent(IntPtr gchManagedAssemblyLoadContext, AssemblyName assemblyName)
TpTrace Warning: 0 : 22972, 1, 2024/03/16, 15:50:54.902, 73856439383, vstest.console.dll, LoaderExceptions: System.IO.FileNotFoundException: Could not load file or assembly 'Microsoft.Bcl.AsyncInterfaces, Version=6.0.0.0, Culture=neutral, PublicKeyToken=cc7b13ffcd2ddd51'. The system cannot find the file specified.
File name: 'Microsoft.Bcl.AsyncInterfaces, Version=6.0.0.0, Culture=neutral, PublicKeyToken=cc7b13ffcd2ddd51'
 ---> System.IO.FileNotFoundException: Could not load file or assembly 'Microsoft.Bcl.AsyncInterfaces, Culture=neutral, PublicKeyToken=null'. The system cannot find the file specified.
File name: 'Microsoft.Bcl.AsyncInterfaces, Culture=neutral, PublicKeyToken=null'
   at System.Reflection.RuntimeAssembly.InternalLoad(AssemblyName assemblyName, StackCrawlMark& stackMark, AssemblyLoadContext assemblyLoadContext, RuntimeAssembly requestingAssembly, Boolean throwOnFileNotFound)
   at System.Reflection.Assembly.Load(AssemblyName assemblyRef)
   at Microsoft.VisualStudio.TestPlatform.Common.ExtensionFramework.TestPluginCache.CurrentDomainAssemblyResolve(Object sender, AssemblyResolveEventArgs args) in /_/src/Microsoft.TestPlatform.Common/ExtensionFramework/TestPluginCache.cs:line 513
   at System.Runtime.Loader.AssemblyLoadContext.GetFirstResolvedAssemblyFromResolvingEvent(AssemblyName assemblyName)
   at System.Runtime.Loader.AssemblyLoadContext.ResolveUsingEvent(AssemblyName assemblyName)
   at System.Runtime.Loader.AssemblyLoadContext.ResolveUsingResolvingEvent(IntPtr gchManagedAssemblyLoadContext, AssemblyName assemblyName)
TpTrace Information: 0 : 22972, 1, 2024/03/16, 15:50:54.903, 73856441870, vstest.console.dll, AssemblyResolver.OnResolve: Microsoft.TestPlatform.Extensions.BlameDataCollector: Resolving assembly.
TpTrace Information: 0 : 22972, 1, 2024/03/16, 15:50:54.903, 73856442487, vstest.console.dll, AssemblyResolver.OnResolve: Microsoft.TestPlatform.Extensions.BlameDataCollector: Searching in: 'C:\Program Files\dotnet\sdk\8.0.200\Extensions'.
TpTrace Information: 0 : 22972, 1, 2024/03/16, 15:50:54.904, 73856455543, vstest.console.dll, AssemblyResolver.OnResolve: Microsoft.TestPlatform.Extensions.BlameDataCollector: Loading assembly 'C:\Program Files\dotnet\sdk\8.0.200\Extensions\Microsoft.TestPlatform.Extensions.BlameDataCollector.dll'.
TpTrace Information: 0 : 22972, 1, 2024/03/16, 15:50:54.906, 73856472427, vstest.console.dll, AssemblyResolver.OnResolve: Resolved assembly: Microsoft.TestPlatform.Extensions.BlameDataCollector, from path: C:\Program Files\dotnet\sdk\8.0.200\Extensions\Microsoft.TestPlatform.Extensions.BlameDataCollector.dll
TpTrace Verbose: 0 : 22972, 1, 2024/03/16, 15:50:54.906, 73856474161, vstest.console.dll, MetadataReaderExtensionsHelper: Discovering extensions inside assembly 'Microsoft.TestPlatform.Extensions.BlameDataCollector, Version=15.0.0.0, Culture=neutral, PublicKeyToken=b03f5f7f11d50a3a' file path 'C:\Program Files\dotnet\sdk\8.0.200\Extensions\Microsoft.TestPlatform.Extensions.BlameDataCollector.dll'
TpTrace Information: 0 : 22972, 1, 2024/03/16, 15:50:54.908, 73856498370, vstest.console.dll, AssemblyResolver.OnResolve: Microsoft.TestPlatform.Extensions.EventLogCollector: Resolving assembly.
TpTrace Information: 0 : 22972, 1, 2024/03/16, 15:50:54.908, 73856499947, vstest.console.dll, AssemblyResolver.OnResolve: Microsoft.TestPlatform.Extensions.EventLogCollector: Searching in: 'C:\Program Files\dotnet\sdk\8.0.200\Extensions'.
TpTrace Information: 0 : 22972, 1, 2024/03/16, 15:50:54.910, 73856510563, vstest.console.dll, AssemblyResolver.OnResolve: Microsoft.TestPlatform.Extensions.EventLogCollector: Loading assembly 'C:\Program Files\dotnet\sdk\8.0.200\Extensions\Microsoft.TestPlatform.Extensions.EventLogCollector.dll'.
TpTrace Information: 0 : 22972, 1, 2024/03/16, 15:50:54.910, 73856517497, vstest.console.dll, AssemblyResolver.OnResolve: Resolved assembly: Microsoft.TestPlatform.Extensions.EventLogCollector, from path: C:\Program Files\dotnet\sdk\8.0.200\Extensions\Microsoft.TestPlatform.Extensions.EventLogCollector.dll
TpTrace Verbose: 0 : 22972, 1, 2024/03/16, 15:50:54.910, 73856519137, vstest.console.dll, MetadataReaderExtensionsHelper: Discovering extensions inside assembly 'Microsoft.TestPlatform.Extensions.EventLogCollector, Version=15.0.0.0, Culture=neutral, PublicKeyToken=b03f5f7f11d50a3a' file path 'C:\Program Files\dotnet\sdk\8.0.200\Extensions\Microsoft.TestPlatform.Extensions.EventLogCollector.dll'
TpTrace Information: 0 : 22972, 1, 2024/03/16, 15:50:54.915, 73856562918, vstest.console.dll, AssemblyResolver.OnResolve: Microsoft.TestPlatform.TestHostRuntimeProvider: Resolving assembly.
TpTrace Information: 0 : 22972, 1, 2024/03/16, 15:50:54.915, 73856564477, vstest.console.dll, AssemblyResolver.OnResolve: Microsoft.TestPlatform.TestHostRuntimeProvider: Searching in: 'C:\Program Files\dotnet\sdk\8.0.200\Extensions'.
TpTrace Information: 0 : 22972, 1, 2024/03/16, 15:50:54.916, 73856572459, vstest.console.dll, AssemblyResolver.OnResolve: Microsoft.TestPlatform.TestHostRuntimeProvider: Loading assembly 'C:\Program Files\dotnet\sdk\8.0.200\Extensions\Microsoft.TestPlatform.TestHostRuntimeProvider.dll'.
TpTrace Information: 0 : 22972, 1, 2024/03/16, 15:50:54.917, 73856589691, vstest.console.dll, AssemblyResolver.OnResolve: Resolved assembly: Microsoft.TestPlatform.TestHostRuntimeProvider, from path: C:\Program Files\dotnet\sdk\8.0.200\Extensions\Microsoft.TestPlatform.TestHostRuntimeProvider.dll
TpTrace Verbose: 0 : 22972, 1, 2024/03/16, 15:50:54.918, 73856591715, vstest.console.dll, MetadataReaderExtensionsHelper: Discovering extensions inside assembly 'Microsoft.TestPlatform.TestHostRuntimeProvider, Version=15.0.0.0, Culture=neutral, PublicKeyToken=b03f5f7f11d50a3a' file path 'C:\Program Files\dotnet\sdk\8.0.200\Extensions\Microsoft.TestPlatform.TestHostRuntimeProvider.dll'
TpTrace Information: 0 : 22972, 1, 2024/03/16, 15:50:54.922, 73856635801, vstest.console.dll, GetTestExtensionFromType: Register extension with identifier data 'HostProvider://DefaultTestHost' and type 'Microsoft.VisualStudio.TestPlatform.CrossPlatEngine.Hosting.DefaultTestHostManager, Microsoft.TestPlatform.TestHostRuntimeProvider, Version=15.0.0.0, Culture=neutral, PublicKeyToken=b03f5f7f11d50a3a' inside file 'C:\Program Files\dotnet\sdk\8.0.200\Extensions\Microsoft.TestPlatform.TestHostRuntimeProvider.dll'
TpTrace Information: 0 : 22972, 1, 2024/03/16, 15:50:54.923, 73856642828, vstest.console.dll, GetTestExtensionFromType: Register extension with identifier data 'HostProvider://DotnetTestHost' and type 'Microsoft.VisualStudio.TestPlatform.CrossPlatEngine.Hosting.DotnetTestHostManager, Microsoft.TestPlatform.TestHostRuntimeProvider, Version=15.0.0.0, Culture=neutral, PublicKeyToken=b03f5f7f11d50a3a' inside file 'C:\Program Files\dotnet\sdk\8.0.200\Extensions\Microsoft.TestPlatform.TestHostRuntimeProvider.dll'
TpTrace Information: 0 : 22972, 1, 2024/03/16, 15:50:54.923, 73856644217, vstest.console.dll, AssemblyResolver.OnResolve: Microsoft.VisualStudio.TestPlatform.Extensions.Html.TestLogger: Resolving assembly.
TpTrace Information: 0 : 22972, 1, 2024/03/16, 15:50:54.923, 73856644778, vstest.console.dll, AssemblyResolver.OnResolve: Microsoft.VisualStudio.TestPlatform.Extensions.Html.TestLogger: Searching in: 'C:\Program Files\dotnet\sdk\8.0.200\Extensions'.
TpTrace Information: 0 : 22972, 1, 2024/03/16, 15:50:54.924, 73856653859, vstest.console.dll, AssemblyResolver.OnResolve: Microsoft.VisualStudio.TestPlatform.Extensions.Html.TestLogger: Loading assembly 'C:\Program Files\dotnet\sdk\8.0.200\Extensions\Microsoft.VisualStudio.TestPlatform.Extensions.Html.TestLogger.dll'.
TpTrace Information: 0 : 22972, 1, 2024/03/16, 15:50:54.925, 73856665942, vstest.console.dll, AssemblyResolver.OnResolve: Resolved assembly: Microsoft.VisualStudio.TestPlatform.Extensions.Html.TestLogger, from path: C:\Program Files\dotnet\sdk\8.0.200\Extensions\Microsoft.VisualStudio.TestPlatform.Extensions.Html.TestLogger.dll
TpTrace Verbose: 0 : 22972, 1, 2024/03/16, 15:50:54.925, 73856668014, vstest.console.dll, MetadataReaderExtensionsHelper: Discovering extensions inside assembly 'Microsoft.VisualStudio.TestPlatform.Extensions.Html.TestLogger, Version=15.0.0.0, Culture=neutral, PublicKeyToken=b03f5f7f11d50a3a' file path 'C:\Program Files\dotnet\sdk\8.0.200\Extensions\Microsoft.VisualStudio.TestPlatform.Extensions.Html.TestLogger.dll'
TpTrace Information: 0 : 22972, 1, 2024/03/16, 15:50:54.927, 73856687442, vstest.console.dll, AssemblyResolver.OnResolve: Microsoft.VisualStudio.TestPlatform.Extensions.Trx.TestLogger: Resolving assembly.
TpTrace Information: 0 : 22972, 1, 2024/03/16, 15:50:54.927, 73856689566, vstest.console.dll, AssemblyResolver.OnResolve: Microsoft.VisualStudio.TestPlatform.Extensions.Trx.TestLogger: Searching in: 'C:\Program Files\dotnet\sdk\8.0.200\Extensions'.
TpTrace Information: 0 : 22972, 1, 2024/03/16, 15:50:54.929, 73856706574, vstest.console.dll, AssemblyResolver.OnResolve: Microsoft.VisualStudio.TestPlatform.Extensions.Trx.TestLogger: Loading assembly 'C:\Program Files\dotnet\sdk\8.0.200\Extensions\Microsoft.VisualStudio.TestPlatform.Extensions.Trx.TestLogger.dll'.
TpTrace Information: 0 : 22972, 1, 2024/03/16, 15:50:54.932, 73856734945, vstest.console.dll, AssemblyResolver.OnResolve: Resolved assembly: Microsoft.VisualStudio.TestPlatform.Extensions.Trx.TestLogger, from path: C:\Program Files\dotnet\sdk\8.0.200\Extensions\Microsoft.VisualStudio.TestPlatform.Extensions.Trx.TestLogger.dll
TpTrace Verbose: 0 : 22972, 1, 2024/03/16, 15:50:54.932, 73856737203, vstest.console.dll, MetadataReaderExtensionsHelper: Discovering extensions inside assembly 'Microsoft.VisualStudio.TestPlatform.Extensions.Trx.TestLogger, Version=15.0.0.0, Culture=neutral, PublicKeyToken=b03f5f7f11d50a3a' file path 'C:\Program Files\dotnet\sdk\8.0.200\Extensions\Microsoft.VisualStudio.TestPlatform.Extensions.Trx.TestLogger.dll'
TpTrace Verbose: 0 : 22972, 1, 2024/03/16, 15:50:54.935, 73856761770, vstest.console.dll, TestPluginCache: Discovered the extensions using extension path ''.
TpTrace Verbose: 0 : 22972, 1, 2024/03/16, 15:50:54.935, 73856763695, vstest.console.dll, TestPluginCache: Discoverers are ''.
TpTrace Verbose: 0 : 22972, 1, 2024/03/16, 15:50:54.935, 73856764409, vstest.console.dll, TestPluginCache: Executors are ''.
TpTrace Verbose: 0 : 22972, 1, 2024/03/16, 15:50:54.935, 73856764981, vstest.console.dll, TestPluginCache: Executors2 are ''.
TpTrace Verbose: 0 : 22972, 1, 2024/03/16, 15:50:54.935, 73856765343, vstest.console.dll, TestPluginCache: Setting providers are ''.
TpTrace Verbose: 0 : 22972, 1, 2024/03/16, 15:50:54.935, 73856765809, vstest.console.dll, TestPluginCache: Loggers are ''.
TpTrace Verbose: 0 : 22972, 1, 2024/03/16, 15:50:54.935, 73856769092, vstest.console.dll, TestPluginCache: TestHosts are 'HostProvider://DefaultTestHost,HostProvider://DotnetTestHost'.
TpTrace Verbose: 0 : 22972, 1, 2024/03/16, 15:50:54.936, 73856770393, vstest.console.dll, TestPluginCache: DataCollectors are ''.
TpTrace Information: 0 : 22972, 1, 2024/03/16, 15:50:54.976, 73857175645, vstest.console.dll, RunTestsArgumentProcessor:Execute: Test run is starting.
TpTrace Verbose: 0 : 22972, 1, 2024/03/16, 15:50:54.976, 73857178262, vstest.console.dll, RunTestsArgumentProcessor:Execute: Queuing Test run.
TpTrace Information: 0 : 22972, 1, 2024/03/16, 15:50:54.977, 73857182929, vstest.console.dll, TestRequestManager.RunTests: run tests started.
TpTrace Information: 0 : 22972, 1, 2024/03/16, 15:50:54.994, 73857354863, vstest.console.dll, AssemblyMetadataProvider.GetFrameworkName: Determined framework:'.NETCoreApp,Version=v6.0' for source: 'C:\Users\katia\OneDrive\Рабочий стол\Eventmi-AppSkeleton\Eventmi.Tests\bin\Debug\net6.0\fine-code-coverage\build-output\Eventmi.Tests.dll'
TpTrace Information: 0 : 22972, 1, 2024/03/16, 15:50:54.995, 73857362119, vstest.console.dll, Determined framework for all sources: .NETCoreApp,Version=v6.0
TpTrace Verbose: 0 : 22972, 1, 2024/03/16, 15:50:54.995, 73857370041, vstest.console.dll, TestRequestManager.UpdateRunSettingsIfRequired: Default architecture: X64 IsDefaultTargetArchitecture: True, Current process architecture: X64 OperatingSystem: Windows.
TpTrace Information: 0 : 22972, 1, 2024/03/16, 15:50:54.999, 73857406953, vstest.console.dll, AssemblyMetadataProvider.GetArchitecture: Determined architecture:AnyCPU info for assembly: C:\Users\katia\OneDrive\Рабочий стол\Eventmi-AppSkeleton\Eventmi.Tests\bin\Debug\net6.0\fine-code-coverage\build-output\Eventmi.Tests.dll
TpTrace Information: 0 : 22972, 1, 2024/03/16, 15:50:54.999, 73857409206, vstest.console.dll, Determined platform for source 'C:\Users\katia\OneDrive\Рабочий стол\Eventmi-AppSkeleton\Eventmi.Tests\bin\Debug\net6.0\fine-code-coverage\build-output\Eventmi.Tests.dll' was AnyCPU and it will use the default plaform X64.
TpTrace Information: 0 : 22972, 1, 2024/03/16, 15:50:54.999, 73857410177, vstest.console.dll, None of the sources provided any runnable platform, using the default platform: X64
TpTrace Information: 0 : 22972, 1, 2024/03/16, 15:50:55.000, 73857412547, vstest.console.dll, Platform was updated to 'X64'.
TpTrace Information: 0 : 22972, 1, 2024/03/16, 15:50:55.011, 73857530071, vstest.console.dll, InferRunSettingsHelper.IsTestSettingsEnabled: Unable to navigate to RunSettings/MSTest. Current node: RunSettings
TpTrace Information: 0 : 22972, 1, 2024/03/16, 15:50:55.013, 73857549671, vstest.console.dll, AssemblyResolver.OnResolve: Microsoft.VisualStudio.TestPlatform.Fakes: Resolving assembly.
TpTrace Information: 0 : 22972, 1, 2024/03/16, 15:50:55.014, 73857553304, vstest.console.dll, AssemblyResolver.OnResolve: Microsoft.VisualStudio.TestPlatform.Fakes: Searching in: 'C:\Program Files\dotnet\sdk\8.0.200\Extensions'.
TpTrace Information: 0 : 22972, 1, 2024/03/16, 15:50:55.014, 73857556439, vstest.console.dll, AssemblyResolver.OnResolve: Microsoft.VisualStudio.TestPlatform.Fakes: Assembly path does not exist: 'C:\Program Files\dotnet\sdk\8.0.200\Extensions\Microsoft.VisualStudio.TestPlatform.Fakes.dll', returning.
TpTrace Information: 0 : 22972, 1, 2024/03/16, 15:50:55.014, 73857558260, vstest.console.dll, AssemblyResolver.OnResolve: Microsoft.VisualStudio.TestPlatform.Fakes: Assembly path does not exist: 'C:\Program Files\dotnet\sdk\8.0.200\Extensions\Microsoft.VisualStudio.TestPlatform.Fakes.exe', returning.
TpTrace Information: 0 : 22972, 1, 2024/03/16, 15:50:55.014, 73857559571, vstest.console.dll, AssemblyResolver.OnResolve: Microsoft.VisualStudio.TestPlatform.Fakes: Searching in: 'C:\Program Files\dotnet\sdk\8.0.200'.
TpTrace Information: 0 : 22972, 1, 2024/03/16, 15:50:55.015, 73857561150, vstest.console.dll, AssemblyResolver.OnResolve: Microsoft.VisualStudio.TestPlatform.Fakes: Assembly path does not exist: 'C:\Program Files\dotnet\sdk\8.0.200\Microsoft.VisualStudio.TestPlatform.Fakes.dll', returning.
TpTrace Information: 0 : 22972, 1, 2024/03/16, 15:50:55.015, 73857562625, vstest.console.dll, AssemblyResolver.OnResolve: Microsoft.VisualStudio.TestPlatform.Fakes: Assembly path does not exist: 'C:\Program Files\dotnet\sdk\8.0.200\Microsoft.VisualStudio.TestPlatform.Fakes.exe', returning.
TpTrace Information: 0 : 22972, 1, 2024/03/16, 15:50:55.015, 73857563218, vstest.console.dll, AssemblyResolver.OnResolve: Microsoft.VisualStudio.TestPlatform.Fakes: Failed to load assembly.
TpTrace Information: 0 : 22972, 1, 2024/03/16, 15:50:55.015, 73857569594, vstest.console.dll, Failed to load assembly Microsoft.VisualStudio.TestPlatform.Fakes, Version=17.0.0.0, Culture=neutral. Reason:System.IO.FileNotFoundException: Could not load file or assembly 'Microsoft.VisualStudio.TestPlatform.Fakes, Version=17.0.0.0, Culture=neutral, PublicKeyToken=null'. The system cannot find the file specified.
File name: 'Microsoft.VisualStudio.TestPlatform.Fakes, Version=17.0.0.0, Culture=neutral, PublicKeyToken=null'
   at System.Reflection.RuntimeAssembly.InternalLoad(AssemblyName assemblyName, StackCrawlMark& stackMark, AssemblyLoadContext assemblyLoadContext, RuntimeAssembly requestingAssembly, Boolean throwOnFileNotFound)
   at System.Reflection.Assembly.Load(AssemblyName assemblyRef)
   at Microsoft.VisualStudio.TestPlatform.Common.Utilities.FakesUtilities.LoadTestPlatformAssembly() in /_/src/Microsoft.TestPlatform.Common/Utilities/FakesUtilities.cs:line 272
TpTrace Verbose: 0 : 22972, 1, 2024/03/16, 15:50:55.027, 73857681419, vstest.console.dll, TestPluginCache.DiscoverTestExtensions: finding test extensions in assemblies ends with: TestLogger.dll TPluginInfo: Microsoft.VisualStudio.TestPlatform.Common.ExtensionFramework.Utilities.TestLoggerPluginInformation TExtension: Microsoft.VisualStudio.TestPlatform.ObjectModel.Client.ITestLogger
TpTrace Verbose: 0 : 22972, 1, 2024/03/16, 15:50:55.027, 73857685444, vstest.console.dll, TestPluginCache.GetExtensionPaths: Filtered extension paths: 
TpTrace Verbose: 0 : 22972, 1, 2024/03/16, 15:50:55.027, 73857686119, vstest.console.dll, TestPluginCache.GetExtensionPaths: Added default extension paths: C:\Program Files\dotnet\sdk\8.0.200\Extensions\Microsoft.Diagnostics.NETCore.Client.dll
C:\Program Files\dotnet\sdk\8.0.200\Extensions\Microsoft.TestPlatform.Extensions.BlameDataCollector.dll
C:\Program Files\dotnet\sdk\8.0.200\Extensions\Microsoft.TestPlatform.Extensions.EventLogCollector.dll
C:\Program Files\dotnet\sdk\8.0.200\Extensions\Microsoft.TestPlatform.TestHostRuntimeProvider.dll
C:\Program Files\dotnet\sdk\8.0.200\Extensions\Microsoft.VisualStudio.TestPlatform.Extensions.Html.TestLogger.dll
C:\Program Files\dotnet\sdk\8.0.200\Extensions\Microsoft.VisualStudio.TestPlatform.Extensions.Trx.TestLogger.dll
TpTrace Verbose: 0 : 22972, 1, 2024/03/16, 15:50:55.027, 73857686621, vstest.console.dll, TestPluginCache.GetExtensionPaths: Added unfilterableExtensionPaths: 
TpTrace Information: 0 : 22972, 1, 2024/03/16, 15:50:55.027, 73857690099, vstest.console.dll, AssemblyResolver.AddSearchDirectories: Adding more searchDirectories C:\Program Files\dotnet\sdk\8.0.200\Extensions,C:\Program Files\dotnet\sdk\8.0.200
TpTrace Verbose: 0 : 22972, 1, 2024/03/16, 15:50:55.028, 73857690892, vstest.console.dll, TestPluginCache.DiscoverTestExtensions: Discovering the extensions using extension path.
TpTrace Verbose: 0 : 22972, 1, 2024/03/16, 15:50:55.028, 73857691414, vstest.console.dll, TestPluginCache.GetExtensionPaths: Filtered extension paths: 
TpTrace Verbose: 0 : 22972, 1, 2024/03/16, 15:50:55.028, 73857691926, vstest.console.dll, TestPluginCache.GetExtensionPaths: Added default extension paths: C:\Program Files\dotnet\sdk\8.0.200\Extensions\Microsoft.Diagnostics.NETCore.Client.dll
C:\Program Files\dotnet\sdk\8.0.200\Extensions\Microsoft.TestPlatform.Extensions.BlameDataCollector.dll
C:\Program Files\dotnet\sdk\8.0.200\Extensions\Microsoft.TestPlatform.Extensions.EventLogCollector.dll
C:\Program Files\dotnet\sdk\8.0.200\Extensions\Microsoft.TestPlatform.TestHostRuntimeProvider.dll
C:\Program Files\dotnet\sdk\8.0.200\Extensions\Microsoft.VisualStudio.TestPlatform.Extensions.Html.TestLogger.dll
C:\Program Files\dotnet\sdk\8.0.200\Extensions\Microsoft.VisualStudio.TestPlatform.Extensions.Trx.TestLogger.dll
TpTrace Verbose: 0 : 22972, 1, 2024/03/16, 15:50:55.028, 73857692419, vstest.console.dll, TestPluginCache.GetExtensionPaths: Added unfilterableExtensionPaths: 
TpTrace Verbose: 0 : 22972, 1, 2024/03/16, 15:50:55.028, 73857693012, vstest.console.dll, TestPluginCache.DiscoverTestExtensions: Discovering the extensions using allExtensionPaths: C:\Program Files\dotnet\sdk\8.0.200\Extensions\Microsoft.Diagnostics.NETCore.Client.dll
C:\Program Files\dotnet\sdk\8.0.200\Extensions\Microsoft.TestPlatform.Extensions.BlameDataCollector.dll
C:\Program Files\dotnet\sdk\8.0.200\Extensions\Microsoft.TestPlatform.Extensions.EventLogCollector.dll
C:\Program Files\dotnet\sdk\8.0.200\Extensions\Microsoft.TestPlatform.TestHostRuntimeProvider.dll
C:\Program Files\dotnet\sdk\8.0.200\Extensions\Microsoft.VisualStudio.TestPlatform.Extensions.Html.TestLogger.dll
C:\Program Files\dotnet\sdk\8.0.200\Extensions\Microsoft.VisualStudio.TestPlatform.Extensions.Trx.TestLogger.dll
TpTrace Information: 0 : 22972, 1, 2024/03/16, 15:50:55.028, 73857693785, vstest.console.dll, AssemblyResolver.AddSearchDirectories: Adding more searchDirectories C:\Program Files\dotnet\sdk\8.0.200\Extensions,C:\Program Files\dotnet\sdk\8.0.200
TpTrace Information: 0 : 22972, 1, 2024/03/16, 15:50:55.028, 73857694425, vstest.console.dll, AssemblyResolver.AddSearchDirectories: Adding more searchDirectories C:\Program Files\dotnet\sdk\8.0.200\Extensions,C:\Program Files\dotnet\sdk\8.0.200
TpTrace Information: 0 : 22972, 1, 2024/03/16, 15:50:55.028, 73857694886, vstest.console.dll, AssemblyResolver.AddSearchDirectories: Adding more searchDirectories C:\Program Files\dotnet\sdk\8.0.200\Extensions,C:\Program Files\dotnet\sdk\8.0.200
TpTrace Information: 0 : 22972, 1, 2024/03/16, 15:50:55.028, 73857695392, vstest.console.dll, AssemblyResolver.AddSearchDirectories: Adding more searchDirectories C:\Program Files\dotnet\sdk\8.0.200\Extensions,C:\Program Files\dotnet\sdk\8.0.200
TpTrace Information: 0 : 22972, 1, 2024/03/16, 15:50:55.028, 73857696061, vstest.console.dll, AssemblyResolver.AddSearchDirectories: Adding more searchDirectories C:\Program Files\dotnet\sdk\8.0.200\Extensions,C:\Program Files\dotnet\sdk\8.0.200
TpTrace Information: 0 : 22972, 1, 2024/03/16, 15:50:55.028, 73857696528, vstest.console.dll, AssemblyResolver.AddSearchDirectories: Adding more searchDirectories C:\Program Files\dotnet\sdk\8.0.200\Extensions,C:\Program Files\dotnet\sdk\8.0.200
TpTrace Verbose: 0 : 22972, 1, 2024/03/16, 15:50:55.028, 73857698406, vstest.console.dll, MetadataReaderExtensionsHelper: Discovering extensions inside assembly 'Microsoft.Diagnostics.NETCore.Client, Version=0.2.9.2401, Culture=neutral, PublicKeyToken=31bf3856ad364e35' file path 'C:\Program Files\dotnet\sdk\8.0.200\Extensions\Microsoft.Diagnostics.NETCore.Client.dll'
TpTrace Information: 0 : 22972, 1, 2024/03/16, 15:50:55.030, 73857716366, vstest.console.dll, AssemblyResolver.OnResolve: Microsoft.Bcl.AsyncInterfaces: Resolving assembly.
TpTrace Information: 0 : 22972, 1, 2024/03/16, 15:50:55.031, 73857721392, vstest.console.dll, AssemblyResolver.OnResolve: Microsoft.Bcl.AsyncInterfaces: Resolved from cache.
TpTrace Verbose: 0 : 22972, 1, 2024/03/16, 15:50:55.031, 73857722593, vstest.console.dll, CurrentDomainAssemblyResolve: Resolving assembly 'Microsoft.Bcl.AsyncInterfaces'.
TpTrace Information: 0 : 22972, 1, 2024/03/16, 15:50:55.031, 73857724031, vstest.console.dll, AssemblyResolver.OnResolve: Microsoft.Bcl.AsyncInterfaces: Resolving assembly.
TpTrace Information: 0 : 22972, 1, 2024/03/16, 15:50:55.031, 73857724892, vstest.console.dll, AssemblyResolver.OnResolve: Microsoft.Bcl.AsyncInterfaces: Resolved from cache.
TpTrace Verbose: 0 : 22972, 1, 2024/03/16, 15:50:55.031, 73857725812, vstest.console.dll, CurrentDomainAssemblyResolve: Resolving assembly 'Microsoft.Bcl.AsyncInterfaces'.
TpTrace Verbose: 0 : 22972, 1, 2024/03/16, 15:50:55.031, 73857726582, vstest.console.dll, CurrentDomainAssemblyResolve: Failed to resolve assembly 'Microsoft.Bcl.AsyncInterfaces'.
TpTrace Verbose: 0 : 22972, 1, 2024/03/16, 15:50:55.031, 73857729635, vstest.console.dll, CurrentDomainAssemblyResolve: Failed to resolve assembly 'Microsoft.Bcl.AsyncInterfaces'.
TpTrace Warning: 0 : 22972, 1, 2024/03/16, 15:50:55.032, 73857736819, vstest.console.dll, TestPluginDiscoverer: Failed to get types from assembly 'Microsoft.Diagnostics.NETCore.Client, Version=0.2.9.2401, Culture=neutral, PublicKeyToken=31bf3856ad364e35'. Error: System.Reflection.ReflectionTypeLoadException: Unable to load one or more of the requested types.
Could not load file or assembly 'Microsoft.Bcl.AsyncInterfaces, Version=6.0.0.0, Culture=neutral, PublicKeyToken=cc7b13ffcd2ddd51'. The system cannot find the file specified.
   at System.Reflection.RuntimeModule.GetTypes(RuntimeModule module)
   at System.Reflection.RuntimeModule.GetTypes()
   at Microsoft.VisualStudio.TestPlatform.Common.ExtensionFramework.TestPluginDiscoverer.GetTestExtensionsFromAssembly[TPluginInfo,TExtension](Assembly assembly, Dictionary`2 pluginInfos, String filePath) in /_/src/Microsoft.TestPlatform.Common/ExtensionFramework/TestPluginDiscoverer.cs:line 158
System.IO.FileNotFoundException: Could not load file or assembly 'Microsoft.Bcl.AsyncInterfaces, Version=6.0.0.0, Culture=neutral, PublicKeyToken=cc7b13ffcd2ddd51'. The system cannot find the file specified.
File name: 'Microsoft.Bcl.AsyncInterfaces, Version=6.0.0.0, Culture=neutral, PublicKeyToken=cc7b13ffcd2ddd51'
 ---> System.IO.FileNotFoundException: Could not load file or assembly 'Microsoft.Bcl.AsyncInterfaces, Culture=neutral, PublicKeyToken=null'. The system cannot find the file specified.
File name: 'Microsoft.Bcl.AsyncInterfaces, Culture=neutral, PublicKeyToken=null'
   at System.Reflection.RuntimeAssembly.InternalLoad(AssemblyName assemblyName, StackCrawlMark& stackMark, AssemblyLoadContext assemblyLoadContext, RuntimeAssembly requestingAssembly, Boolean throwOnFileNotFound)
   at System.Reflection.Assembly.Load(AssemblyName assemblyRef)
   at Microsoft.VisualStudio.TestPlatform.Common.ExtensionFramework.TestPluginCache.CurrentDomainAssemblyResolve(Object sender, AssemblyResolveEventArgs args) in /_/src/Microsoft.TestPlatform.Common/ExtensionFramework/TestPluginCache.cs:line 513
   at System.Runtime.Loader.AssemblyLoadContext.GetFirstResolvedAssemblyFromResolvingEvent(AssemblyName assemblyName)
   at System.Runtime.Loader.AssemblyLoadContext.ResolveUsingEvent(AssemblyName assemblyName)
   at System.Runtime.Loader.AssemblyLoadContext.ResolveUsingResolvingEvent(IntPtr gchManagedAssemblyLoadContext, AssemblyName assemblyName)
TpTrace Warning: 0 : 22972, 1, 2024/03/16, 15:50:55.033, 73857741627, vstest.console.dll, LoaderExceptions: System.IO.FileNotFoundException: Could not load file or assembly 'Microsoft.Bcl.AsyncInterfaces, Version=6.0.0.0, Culture=neutral, PublicKeyToken=cc7b13ffcd2ddd51'. The system cannot find the file specified.
File name: 'Microsoft.Bcl.AsyncInterfaces, Version=6.0.0.0, Culture=neutral, PublicKeyToken=cc7b13ffcd2ddd51'
 ---> System.IO.FileNotFoundException: Could not load file or assembly 'Microsoft.Bcl.AsyncInterfaces, Culture=neutral, PublicKeyToken=null'. The system cannot find the file specified.
File name: 'Microsoft.Bcl.AsyncInterfaces, Culture=neutral, PublicKeyToken=null'
   at System.Reflection.RuntimeAssembly.InternalLoad(AssemblyName assemblyName, StackCrawlMark& stackMark, AssemblyLoadContext assemblyLoadContext, RuntimeAssembly requestingAssembly, Boolean throwOnFileNotFound)
   at System.Reflection.Assembly.Load(AssemblyName assemblyRef)
   at Microsoft.VisualStudio.TestPlatform.Common.ExtensionFramework.TestPluginCache.CurrentDomainAssemblyResolve(Object sender, AssemblyResolveEventArgs args) in /_/src/Microsoft.TestPlatform.Common/ExtensionFramework/TestPluginCache.cs:line 513
   at System.Runtime.Loader.AssemblyLoadContext.GetFirstResolvedAssemblyFromResolvingEvent(AssemblyName assemblyName)
   at System.Runtime.Loader.AssemblyLoadContext.ResolveUsingEvent(AssemblyName assemblyName)
   at System.Runtime.Loader.AssemblyLoadContext.ResolveUsingResolvingEvent(IntPtr gchManagedAssemblyLoadContext, AssemblyName assemblyName)
TpTrace Verbose: 0 : 22972, 1, 2024/03/16, 15:50:55.033, 73857748602, vstest.console.dll, MetadataReaderExtensionsHelper: Discovering extensions inside assembly 'Microsoft.TestPlatform.Extensions.BlameDataCollector, Version=15.0.0.0, Culture=neutral, PublicKeyToken=b03f5f7f11d50a3a' file path 'C:\Program Files\dotnet\sdk\8.0.200\Extensions\Microsoft.TestPlatform.Extensions.BlameDataCollector.dll'
TpTrace Information: 0 : 22972, 1, 2024/03/16, 15:50:55.035, 73857762177, vstest.console.dll, GetTestExtensionFromType: Register extension with identifier data 'logger://Microsoft/TestPlatform/Extensions/Blame/v1' and type 'Microsoft.TestPlatform.Extensions.BlameDataCollector.BlameLogger, Microsoft.TestPlatform.Extensions.BlameDataCollector, Version=15.0.0.0, Culture=neutral, PublicKeyToken=b03f5f7f11d50a3a' inside file 'C:\Program Files\dotnet\sdk\8.0.200\Extensions\Microsoft.TestPlatform.Extensions.BlameDataCollector.dll'
TpTrace Verbose: 0 : 22972, 1, 2024/03/16, 15:50:55.035, 73857764503, vstest.console.dll, MetadataReaderExtensionsHelper: Discovering extensions inside assembly 'Microsoft.TestPlatform.Extensions.EventLogCollector, Version=15.0.0.0, Culture=neutral, PublicKeyToken=b03f5f7f11d50a3a' file path 'C:\Program Files\dotnet\sdk\8.0.200\Extensions\Microsoft.TestPlatform.Extensions.EventLogCollector.dll'
TpTrace Verbose: 0 : 22972, 1, 2024/03/16, 15:50:55.036, 73857772666, vstest.console.dll, MetadataReaderExtensionsHelper: Discovering extensions inside assembly 'Microsoft.TestPlatform.TestHostRuntimeProvider, Version=15.0.0.0, Culture=neutral, PublicKeyToken=b03f5f7f11d50a3a' file path 'C:\Program Files\dotnet\sdk\8.0.200\Extensions\Microsoft.TestPlatform.TestHostRuntimeProvider.dll'
TpTrace Verbose: 0 : 22972, 1, 2024/03/16, 15:50:55.037, 73857781485, vstest.console.dll, MetadataReaderExtensionsHelper: Discovering extensions inside assembly 'Microsoft.VisualStudio.TestPlatform.Extensions.Html.TestLogger, Version=15.0.0.0, Culture=neutral, PublicKeyToken=b03f5f7f11d50a3a' file path 'C:\Program Files\dotnet\sdk\8.0.200\Extensions\Microsoft.VisualStudio.TestPlatform.Extensions.Html.TestLogger.dll'
TpTrace Information: 0 : 22972, 1, 2024/03/16, 15:50:55.038, 73857794274, vstest.console.dll, GetTestExtensionFromType: Register extension with identifier data 'logger://Microsoft/TestPlatform/HtmlLogger/v1' and type 'Microsoft.VisualStudio.TestPlatform.Extensions.HtmlLogger.HtmlLogger, Microsoft.VisualStudio.TestPlatform.Extensions.Html.TestLogger, Version=15.0.0.0, Culture=neutral, PublicKeyToken=b03f5f7f11d50a3a' inside file 'C:\Program Files\dotnet\sdk\8.0.200\Extensions\Microsoft.VisualStudio.TestPlatform.Extensions.Html.TestLogger.dll'
TpTrace Verbose: 0 : 22972, 1, 2024/03/16, 15:50:55.038, 73857797202, vstest.console.dll, MetadataReaderExtensionsHelper: Discovering extensions inside assembly 'Microsoft.VisualStudio.TestPlatform.Extensions.Trx.TestLogger, Version=15.0.0.0, Culture=neutral, PublicKeyToken=b03f5f7f11d50a3a' file path 'C:\Program Files\dotnet\sdk\8.0.200\Extensions\Microsoft.VisualStudio.TestPlatform.Extensions.Trx.TestLogger.dll'
TpTrace Information: 0 : 22972, 1, 2024/03/16, 15:50:55.039, 73857808439, vstest.console.dll, GetTestExtensionFromType: Register extension with identifier data 'logger://Microsoft/TestPlatform/TrxLogger/v1' and type 'Microsoft.VisualStudio.TestPlatform.Extensions.TrxLogger.TrxLogger, Microsoft.VisualStudio.TestPlatform.Extensions.Trx.TestLogger, Version=15.0.0.0, Culture=neutral, PublicKeyToken=b03f5f7f11d50a3a' inside file 'C:\Program Files\dotnet\sdk\8.0.200\Extensions\Microsoft.VisualStudio.TestPlatform.Extensions.Trx.TestLogger.dll'
TpTrace Verbose: 0 : 22972, 1, 2024/03/16, 15:50:55.040, 73857810745, vstest.console.dll, TestPluginCache: Discovered the extensions using extension path ''.
TpTrace Verbose: 0 : 22972, 1, 2024/03/16, 15:50:55.040, 73857811580, vstest.console.dll, TestPluginCache: Discoverers are ''.
TpTrace Verbose: 0 : 22972, 1, 2024/03/16, 15:50:55.040, 73857813311, vstest.console.dll, TestPluginCache: Executors are ''.
TpTrace Verbose: 0 : 22972, 1, 2024/03/16, 15:50:55.040, 73857814030, vstest.console.dll, TestPluginCache: Executors2 are ''.
TpTrace Verbose: 0 : 22972, 1, 2024/03/16, 15:50:55.040, 73857815045, vstest.console.dll, TestPluginCache: Setting providers are ''.
TpTrace Verbose: 0 : 22972, 1, 2024/03/16, 15:50:55.041, 73857820666, vstest.console.dll, TestPluginCache: Loggers are 'logger://Microsoft/TestPlatform/Extensions/Blame/v1,logger://Microsoft/TestPlatform/HtmlLogger/v1,logger://Microsoft/TestPlatform/TrxLogger/v1'.
TpTrace Verbose: 0 : 22972, 1, 2024/03/16, 15:50:55.041, 73857823141, vstest.console.dll, TestPluginCache: TestHosts are 'HostProvider://DefaultTestHost,HostProvider://DotnetTestHost'.
TpTrace Verbose: 0 : 22972, 1, 2024/03/16, 15:50:55.041, 73857824352, vstest.console.dll, TestPluginCache: DataCollectors are ''.
TpTrace Information: 0 : 22972, 1, 2024/03/16, 15:50:55.042, 73857840263, vstest.console.dll, TestPluginManager.CreateTestExtension: Attempting to load test extension: Microsoft.TestPlatform.Extensions.BlameDataCollector.BlameLogger
TpTrace Verbose: 0 : 22972, 1, 2024/03/16, 15:50:55.069, 73858100983, vstest.console.dll, TestEngine: Initializing Parallel Execution as MaxCpuCount is set to: 1
TpTrace Information: 0 : 22972, 1, 2024/03/16, 15:50:55.072, 73858131084, vstest.console.dll, TestPluginManager.CreateTestExtension: Attempting to load test extension: Microsoft.VisualStudio.TestPlatform.CrossPlatEngine.Hosting.DefaultTestHostManager
TpTrace Information: 0 : 22972, 1, 2024/03/16, 15:50:55.074, 73858157643, vstest.console.dll, TestPluginManager.CreateTestExtension: Attempting to load test extension: Microsoft.VisualStudio.TestPlatform.CrossPlatEngine.Hosting.DotnetTestHostManager
TpTrace Information: 0 : 22972, 1, 2024/03/16, 15:50:55.076, 73858174032, vstest.console.dll, InferRunSettingsHelper.IsTestSettingsEnabled: Unable to navigate to RunSettings/MSTest. Current node: RunSettings
TpTrace Verbose: 0 : 22972, 1, 2024/03/16, 15:50:55.077, 73858190221, vstest.console.dll, ParallelOperationManager.ClearSlots: Clearing all slots. Slots should accept more work: True
TpTrace Verbose: 0 : 22972, 1, 2024/03/16, 15:50:55.079, 73858203086, vstest.console.dll, ParallelOperationManager.SetOccupiedSlotCount: Setting slot counts AvailableSlotCount = 3, OccupiedSlotCount = 0.
TpTrace Verbose: 0 : 22972, 1, 2024/03/16, 15:50:55.080, 73858210913, vstest.console.dll, Occupied slots:

TpTrace Verbose: 0 : 22972, 1, 2024/03/16, 15:50:55.086, 73858279411, vstest.console.dll, TestEngine.GetExecutionManager: Chosen execution manager 'Microsoft.VisualStudio.TestPlatform.CrossPlatEngine.Client.Parallel.ParallelProxyExecutionManager, Microsoft.TestPlatform.CrossPlatEngine, Version=15.0.0.0, Culture=neutral, PublicKeyToken=b03f5f7f11d50a3a' ParallelLevel '1'.
TpTrace Verbose: 0 : 22972, 1, 2024/03/16, 15:50:55.087, 73858282645, vstest.console.dll, TestRunRequest.ExecuteAsync: Creating test run request.
TpTrace Verbose: 0 : 22972, 1, 2024/03/16, 15:50:55.087, 73858287467, vstest.console.dll, TestRunRequest.ExecuteAsync: Starting.
TpTrace Information: 0 : 22972, 1, 2024/03/16, 15:50:55.095, 73858363972, vstest.console.dll, TestRunRequest.ExecuteAsync: Starting run with settings:TestRunCriteria:
   KeepAlive=False,FrequencyOfRunStatsChangeEvent=10,RunStatsChangeEventTimeout=00:00:01.5000000,TestCaseFilter=,TestExecutorLauncher=
   Settingsxml=<RunSettings>
  <RunConfiguration>
    <ResultsDirectory>C:\Users\katia\OneDrive\Рабочий стол\Eventmi-AppSkeleton\Eventmi.Tests\bin\Debug\net6.0\fine-code-coverage\coverage-tool-output</ResultsDirectory>
    <TargetPlatform>X64</TargetPlatform>
    <TargetFrameworkVersion>.NETCoreApp,Version=v6.0</TargetFrameworkVersion>
    <DesignMode>False</DesignMode>
    <CollectSourceInformation>False</CollectSourceInformation>
  </RunConfiguration>
  <LoggerRunSettings>
    <Loggers>
      <Logger friendlyName="blame" enabled="True" />
      <Logger friendlyName="Console" uri="logger://microsoft/TestPlatform/ConsoleLogger/v1" assemblyQualifiedName="Microsoft.VisualStudio.TestPlatform.CommandLine.Internal.ConsoleLogger, vstest.console, Version=15.0.0.0, Culture=neutral, PublicKeyToken=b03f5f7f11d50a3a" codeBase="C:\Program Files\dotnet\sdk\8.0.200\vstest.console.dll" enabled="True" />
    </Loggers>
  </LoggerRunSettings>
  <DataCollectionRunSettings>
    <DataCollectors>
      <DataCollector friendlyName="blame" enabled="True">
        <Configuration>
          <ResultsDirectory>C:\Users\katia\OneDrive\Рабочий стол\Eventmi-AppSkeleton\Eventmi.Tests\bin\Debug\net6.0\fine-code-coverage\coverage-tool-output</ResultsDirectory>
        </Configuration>
      </DataCollector>
    </DataCollectors>
  </DataCollectionRunSettings>
</RunSettings>

TpTrace Verbose: 0 : 22972, 1, 2024/03/16, 15:50:55.095, 73858365869, vstest.console.dll, TestRunRequest.ExecuteAsync: Wait for the first run request is over.
TpTrace Verbose: 0 : 22972, 1, 2024/03/16, 15:50:55.095, 73858370192, vstest.console.dll, MulticastDelegateUtilities.SafeInvoke: TestRun.TestRunStart: Invoking callbacks was skipped because there are no subscribers.
TpTrace Verbose: 0 : 22972, 4, 2024/03/16, 15:50:55.096, 73858372816, vstest.console.dll, MulticastDelegateUtilities.SafeInvoke: InternalTestLoggerEvents.SendTestRunStart: Invoking callback 1/1 for Microsoft.VisualStudio.TestPlatform.CommandLine.Internal.ConsoleLogger., took 0 ms.
TpTrace Verbose: 0 : 22972, 1, 2024/03/16, 15:50:55.097, 73858381223, vstest.console.dll, ParallelProxyExecutionManager: Start execution. Total sources: 1
TpTrace Verbose: 0 : 22972, 1, 2024/03/16, 15:50:55.097, 73858385754, vstest.console.dll, ParallelOperationManager.StartWork: Starting adding 1 workloads.
TpTrace Verbose: 0 : 22972, 1, 2024/03/16, 15:50:55.097, 73858387232, vstest.console.dll, ParallelOperationManager.ClearSlots: Clearing all slots. Slots should accept more work: True
TpTrace Verbose: 0 : 22972, 1, 2024/03/16, 15:50:55.097, 73858388088, vstest.console.dll, ParallelOperationManager.SetOccupiedSlotCount: Setting slot counts AvailableSlotCount = 3, OccupiedSlotCount = 0.
TpTrace Verbose: 0 : 22972, 1, 2024/03/16, 15:50:55.097, 73858388611, vstest.console.dll, Occupied slots:

TpTrace Verbose: 0 : 22972, 1, 2024/03/16, 15:50:55.099, 73858401931, vstest.console.dll, TestRequestSender is acting as server.
TpTrace Verbose: 0 : 22972, 1, 2024/03/16, 15:50:55.103, 73858445083, vstest.console.dll, ParallelOperationManager.RunWorkInParallel: Adding 1 workload to slot, remaining workloads 0.
TpTrace Verbose: 0 : 22972, 1, 2024/03/16, 15:50:55.103, 73858446770, vstest.console.dll, ParallelOperationManager.SetOccupiedSlotCount: Setting slot counts AvailableSlotCount = 2, OccupiedSlotCount = 1.
TpTrace Verbose: 0 : 22972, 1, 2024/03/16, 15:50:55.103, 73858448391, vstest.console.dll, Occupied slots:
0: C:\Users\katia\OneDrive\Рабочий стол\Eventmi-AppSkeleton\Eventmi.Tests\bin\Debug\net6.0\fine-code-coverage\build-output\Eventmi.Tests.dll
TpTrace Verbose: 0 : 22972, 1, 2024/03/16, 15:50:55.105, 73858467279, vstest.console.dll, ParallelOperationManager.RunWorkInParallel: Started host in slot number 0 for work (source): C:\Users\katia\OneDrive\Рабочий стол\Eventmi-AppSkeleton\Eventmi.Tests\bin\Debug\net6.0\fine-code-coverage\build-output\Eventmi.Tests.dll.
TpTrace Verbose: 0 : 22972, 1, 2024/03/16, 15:50:55.106, 73858478273, vstest.console.dll, ParallelOperationManager.RunWorkInParallel: We started 1 work items, which is the max parallel level. Won't start more work.
TpTrace Verbose: 0 : 22972, 1, 2024/03/16, 15:50:55.106, 73858479841, vstest.console.dll, ParallelOperationManager.RunWorkInParallel: We started 1 work items in here, returning True.
TpTrace Information: 0 : 22972, 1, 2024/03/16, 15:50:55.107, 73858480375, vstest.console.dll, TestRunRequest.ExecuteAsync: Started.
TpTrace Verbose: 0 : 22972, 5, 2024/03/16, 15:50:55.107, 73858481614, vstest.console.dll, ParallelProxyExecutionManager.StartTestRunOnConcurrentManager: Initializing uninitialized client. Started clients: 0
TpTrace Verbose: 0 : 22972, 5, 2024/03/16, 15:50:55.107, 73858484215, vstest.console.dll, DataCollectionRequestSender.InitializeCommunication : Initialize communication. 
TpTrace Verbose: 0 : 22972, 1, 2024/03/16, 15:50:55.107, 73858486569, vstest.console.dll, TestRunRequest.WaitForCompletion: Waiting with timeout -1.
TpTrace Information: 0 : 22972, 5, 2024/03/16, 15:50:55.123, 73858650091, vstest.console.dll, Listening on Endpoint : 127.0.0.1:52525
TpTrace Verbose: 0 : 22972, 5, 2024/03/16, 15:50:55.137, 73858788442, vstest.console.dll, DotnetDataCollectionLauncher: Adding  --runtimeconfig "C:\Program Files\dotnet\sdk\8.0.200\datacollector.runtimeconfig.json" in args
TpTrace Verbose: 0 : 22972, 5, 2024/03/16, 15:50:55.138, 73858790859, vstest.console.dll, DotnetDataCollectionLauncher: Adding  --depsfile "C:\Program Files\dotnet\sdk\8.0.200\datacollector.deps.json" in args
TpTrace Verbose: 0 : 22972, 5, 2024/03/16, 15:50:55.138, 73858793780, vstest.console.dll, DotnetDataCollectionLauncher: Full path of dotnet.exe is C:\Program Files\dotnet\dotnet.exe
TpTrace Information: 0 : 22972, 5, 2024/03/16, 15:50:55.151, 73858922489, vstest.console.dll, ProxyDataCollectionManager.Initialize: Launched datacollector processId: 16712 port: 52525
TpTrace Information: 0 : 22972, 5, 2024/03/16, 15:50:55.151, 73858925019, vstest.console.dll, ProxyDataCollectionManager.Initialize: waiting for connection with timeout: 90 seconds
TpTrace Verbose: 0 : 22972, 5, 2024/03/16, 15:50:55.151, 73858925679, vstest.console.dll, DataCollectionRequestSender.WaitForRequestHandlerConnection : Waiting for connection with timeout: 90000
TpTrace Information: 0 : 22972, 7, 2024/03/16, 15:50:55.361, 73861020447, vstest.console.dll, Using the buffer size of 16384 bytes
TpTrace Verbose: 0 : 22972, 5, 2024/03/16, 15:50:55.361, 73861020845, vstest.console.dll, SocketCommunicationManager.WaitForClientConnection took: 209 ms, with 90000 ms timeout, and finished with True.
TpTrace Information: 0 : 22972, 7, 2024/03/16, 15:50:55.361, 73861022016, vstest.console.dll, Accepted Client request and set the flag
TpTrace Verbose: 0 : 22972, 5, 2024/03/16, 15:50:55.361, 73861024617, vstest.console.dll, ProxyDataCollectionManager.InvokeDataCollectionServiceAction: Starting.
TpTrace Information: 0 : 22972, 5, 2024/03/16, 15:50:55.362, 73861031205, vstest.console.dll, ProxyDataCollectionManager.BeforeTestRunStart: Get environment variable and port for datacollector processId: 16712 port: 52525
TpTrace Verbose: 0 : 22972, 5, 2024/03/16, 15:50:55.362, 73861033270, vstest.console.dll, DataCollectionRequestSender.SendBeforeTestRunStartAndGetResult: Send BeforeTestRunStart message with settingsXml <RunSettings><RunConfiguration><ResultsDirectory>C:\Users\katia\OneDrive\Рабочий стол\Eventmi-AppSkeleton\Eventmi.Tests\bin\Debug\net6.0\fine-code-coverage\coverage-tool-output</ResultsDirectory><TargetPlatform>X64</TargetPlatform><TargetFrameworkVersion>.NETCoreApp,Version=v6.0</TargetFrameworkVersion><DesignMode>False</DesignMode><CollectSourceInformation>False</CollectSourceInformation><TestAdaptersPaths>C:\Program Files\dotnet\sdk\8.0.200\Extensions</TestAdaptersPaths></RunConfiguration><LoggerRunSettings><Loggers><Logger friendlyName="blame" enabled="True" /><Logger friendlyName="Console" uri="logger://microsoft/TestPlatform/ConsoleLogger/v1" assemblyQualifiedName="Microsoft.VisualStudio.TestPlatform.CommandLine.Internal.ConsoleLogger, vstest.console, Version=15.0.0.0, Culture=neutral, PublicKeyToken=b03f5f7f11d50a3a" codeBase="C:\Program Files\dotnet\sdk\8.0.200\vstest.console.dll" enabled="True" /></Loggers></LoggerRunSettings><DataCollectionRunSettings><DataCollectors><DataCollector friendlyName="blame" enabled="True"><Configuration><ResultsDirectory>C:\Users\katia\OneDrive\Рабочий стол\Eventmi-AppSkeleton\Eventmi.Tests\bin\Debug\net6.0\fine-code-coverage\coverage-tool-output</ResultsDirectory></Configuration></DataCollector></DataCollectors></DataCollectionRunSettings></RunSettings> and sources System.Collections.Generic.List`1[System.String]: 
TpTrace Verbose: 0 : 22972, 5, 2024/03/16, 15:50:55.528, 73862700061, vstest.console.dll, DataCollectionRequestSender.SendBeforeTestRunStartAndGetResult: Received message: (DataCollection.SendMessage) -> {"MessageType":"DataCollection.SendMessage","Payload":{"FriendlyName":null,"Uri":null,"TestCaseId":"00000000-0000-0000-0000-000000000000","Message":"Logging DataCollector Diagnostics in file: C:\\Users\\katia\\OneDrive\\Рабочий стол\\Eventmi-AppSkeleton\\Eventmi.Tests\\bin\\Debug\\net6.0\\fine-code-coverage\\coverage-tool-output\\diagnostics.datacollector.24-03-16_15-50-55_13747_5.log","Level":0}}
TpTrace Verbose: 0 : 22972, 5, 2024/03/16, 15:50:55.706, 73864474745, vstest.console.dll, DataCollectionRequestSender.SendBeforeTestRunStartAndGetResult: Received message: (DataCollection.BeforeTestRunStartResult) -> {"MessageType":"DataCollection.BeforeTestRunStartResult","Payload":{"EnvironmentVariables":{},"DataCollectionEventsPort":52527}}
TpTrace Information: 0 : 22972, 5, 2024/03/16, 15:50:55.717, 73864588453, vstest.console.dll, ProxyDataCollectionManager.BeforeTestRunStart: SendBeforeTestRunStartAndGetResult successful, env variable from datacollector:   and testhost port: 52527
TpTrace Information: 0 : 22972, 5, 2024/03/16, 15:50:55.718, 73864591271, vstest.console.dll, ProxyDataCollectionManager.InvokeDataCollectionServiceAction: Completed.
TpTrace Verbose: 0 : 22972, 5, 2024/03/16, 15:50:55.718, 73864592250, vstest.console.dll, ParallelProxyExecutionManager.StartTestRunOnConcurrentManager: Initializing test run. Started clients: 0
TpTrace Verbose: 0 : 22972, 5, 2024/03/16, 15:50:55.718, 73864594198, vstest.console.dll, ProxyExecutionManager: Test host is always Lazy initialize.
TpTrace Verbose: 0 : 22972, 5, 2024/03/16, 15:50:55.718, 73864598477, vstest.console.dll, TestRequestSender.InitializeCommunication: initialize communication. 
TpTrace Information: 0 : 22972, 5, 2024/03/16, 15:50:55.720, 73864612862, vstest.console.dll, SocketServer.Start: Listening on endpoint : 127.0.0.1:52528
TpTrace Verbose: 0 : 22972, 5, 2024/03/16, 15:50:55.722, 73864631235, vstest.console.dll, DotnetTestHostmanager.GetTestHostProcessStartInfo: Platform environment 'X64' target architecture 'X64' framework '.NETCoreApp,Version=v6.0' OS 'Windows'
TpTrace Verbose: 0 : 22972, 5, 2024/03/16, 15:50:55.723, 73864643928, vstest.console.dll, DotnetTestHostmanager: Adding  --runtimeconfig "C:\Users\katia\OneDrive\Рабочий стол\Eventmi-AppSkeleton\Eventmi.Tests\bin\Debug\net6.0\fine-code-coverage\build-output\Eventmi.Tests.runtimeconfig.json" in args
TpTrace Verbose: 0 : 22972, 5, 2024/03/16, 15:50:55.723, 73864649993, vstest.console.dll, DotnetTestHostmanager: Adding  --depsfile "C:\Users\katia\OneDrive\Рабочий стол\Eventmi-AppSkeleton\Eventmi.Tests\bin\Debug\net6.0\fine-code-coverage\build-output\Eventmi.Tests.deps.json" in args
TpTrace Verbose: 0 : 22972, 5, 2024/03/16, 15:50:55.724, 73864658624, vstest.console.dll, DotnetTestHostmanager.IsWinOnArm: Current PROCESSOR_ARCHITECTURE from environment variable 'AMD64'
TpTrace Verbose: 0 : 22972, 5, 2024/03/16, 15:50:55.725, 73864661114, vstest.console.dll, DotnetTestHostmanager.IsWinOnArm: Is Windows on ARM 'False'
TpTrace Verbose: 0 : 22972, 5, 2024/03/16, 15:50:55.725, 73864663584, vstest.console.dll, DotnetTestHostManager: testhost.exe found at path: C:\Users\katia\OneDrive\Рабочий стол\Eventmi-AppSkeleton\Eventmi.Tests\bin\Debug\net6.0\fine-code-coverage\build-output\testhost.exe
TpTrace Verbose: 0 : 22972, 5, 2024/03/16, 15:50:55.725, 73864664792, vstest.console.dll, DotnetTestHostmanager: Full path of host exe is C:\Users\katia\OneDrive\Рабочий стол\Eventmi-AppSkeleton\Eventmi.Tests\bin\Debug\net6.0\fine-code-coverage\build-output\testhost.exe
TpTrace Verbose: 0 : 22972, 5, 2024/03/16, 15:50:55.725, 73864668048, vstest.console.dll, DotnetTestHostmanager.LaunchTestHostAsync: Found 'VSTEST_WINAPPHOST_DOTNET_ROOT' in env variables, value 'C:\Program Files\dotnet', forwarding to 'DOTNET_ROOT'
TpTrace Verbose: 0 : 22972, 5, 2024/03/16, 15:50:55.726, 73864671533, vstest.console.dll, DotnetTestHostManager: Starting process 'C:\Users\katia\OneDrive\Рабочий стол\Eventmi-AppSkeleton\Eventmi.Tests\bin\Debug\net6.0\fine-code-coverage\build-output\testhost.exe' with command line ' --runtimeconfig "C:\Users\katia\OneDrive\Рабочий стол\Eventmi-AppSkeleton\Eventmi.Tests\bin\Debug\net6.0\fine-code-coverage\build-output\Eventmi.Tests.runtimeconfig.json" --depsfile "C:\Users\katia\OneDrive\Рабочий стол\Eventmi-AppSkeleton\Eventmi.Tests\bin\Debug\net6.0\fine-code-coverage\build-output\Eventmi.Tests.deps.json" --port 52528 --endpoint 127.0.0.1:052528 --role client --parentprocessid 22972 --diag "C:\Users\katia\OneDrive\Рабочий стол\Eventmi-AppSkeleton\Eventmi.Tests\bin\Debug\net6.0\fine-code-coverage\coverage-tool-output\diagnostics.host.24-03-16_15-50-55_72107_5.log" --tracelevel 4 --datacollectionport 52527 --telemetryoptedin false'
TpTrace Verbose: 0 : 22972, 5, 2024/03/16, 15:50:55.753, 73864948713, vstest.console.dll, MulticastDelegateUtilities.SafeInvoke: HostProviderEvents.OnHostLaunched: Invoking callback 1/2 for Microsoft.VisualStudio.TestPlatform.CrossPlatEngine.Client.ProxyExecutionManagerWithDataCollection., took 1 ms.
TpTrace Verbose: 0 : 22972, 5, 2024/03/16, 15:50:55.754, 73864955809, vstest.console.dll, Test Runtime launched
TpTrace Verbose: 0 : 22972, 5, 2024/03/16, 15:50:55.754, 73864958339, vstest.console.dll, MulticastDelegateUtilities.SafeInvoke: HostProviderEvents.OnHostLaunched: Invoking callback 2/2 for Microsoft.VisualStudio.TestPlatform.CrossPlatEngine.Client.ProxyOperationManager., took 0 ms.
TpTrace Verbose: 0 : 22972, 5, 2024/03/16, 15:50:55.755, 73864969206, vstest.console.dll, TestRequestSender.WaitForRequestHandlerConnection: waiting for connection with timeout: 90000.
TpTrace Verbose: 0 : 22972, 5, 2024/03/16, 15:50:56.061, 73868025101, vstest.console.dll, TestRequestSender.WaitForRequestHandlerConnection: waiting took 305 ms, with timeout 90000 ms, and result 0, which is success.
TpTrace Verbose: 0 : 22972, 7, 2024/03/16, 15:50:56.061, 73868024938, vstest.console.dll, MulticastDelegateUtilities.SafeInvoke: SocketServer: ClientConnected: Invoking callback 1/1 for Microsoft.VisualStudio.TestPlatform.CommunicationUtilities.TestRequestSender., took 0 ms.
TpTrace Verbose: 0 : 22972, 7, 2024/03/16, 15:50:56.061, 73868029214, vstest.console.dll, SocketServer.OnClientConnected: Client connected for endPoint: 127.0.0.1:52528, starting MessageLoopAsync:
TpTrace Verbose: 0 : 22972, 13, 2024/03/16, 15:50:56.062, 73868037751, vstest.console.dll, TcpClientExtensions.MessageLoopAsync: Polling on remoteEndPoint: 127.0.0.1:52529 localEndPoint: 127.0.0.1:52528 after 0 ms
TpTrace Verbose: 0 : 22972, 5, 2024/03/16, 15:50:56.063, 73868046849, vstest.console.dll, TestRequestSender.CheckVersionWithTestHost: Sending check version message: {"MessageType":"ProtocolVersion","Payload":7}
TpTrace Verbose: 0 : 22972, 13, 2024/03/16, 15:50:56.285, 73870262785, vstest.console.dll, TcpClientExtensions.MessageLoopAsync: NotifyDataAvailable remoteEndPoint: 127.0.0.1:52529 localEndPoint: 127.0.0.1:52528
TpTrace Verbose: 0 : 22972, 13, 2024/03/16, 15:50:56.285, 73870268945, vstest.console.dll, TestRequestSender.CheckVersionWithTestHost: onMessageReceived received message: (ProtocolVersion) -> {"MessageType":"ProtocolVersion","Payload":7}
TpTrace Verbose: 0 : 22972, 13, 2024/03/16, 15:50:56.287, 73870285253, vstest.console.dll, MulticastDelegateUtilities.SafeInvoke: LengthPrefixCommunicationChannel: MessageReceived: Invoking callback 1/1 for Microsoft.VisualStudio.TestPlatform.CommunicationUtilities.TestRequestSender+<>c__DisplayClass29_0., took 1 ms.
TpTrace Verbose: 0 : 22972, 5, 2024/03/16, 15:50:56.287, 73870287263, vstest.console.dll, TestPluginCache.GetExtensionPaths: Filtered extension paths: 
TpTrace Verbose: 0 : 22972, 13, 2024/03/16, 15:50:56.287, 73870288677, vstest.console.dll, TcpClientExtensions.MessageLoopAsync: Polling on remoteEndPoint: 127.0.0.1:52529 localEndPoint: 127.0.0.1:52528 after 224 ms
TpTrace Verbose: 0 : 22972, 5, 2024/03/16, 15:50:56.288, 73870290450, vstest.console.dll, TestPluginCache.GetExtensionPaths: Added default extension paths: C:\Program Files\dotnet\sdk\8.0.200\Extensions\Microsoft.Diagnostics.NETCore.Client.dll
C:\Program Files\dotnet\sdk\8.0.200\Extensions\Microsoft.TestPlatform.Extensions.BlameDataCollector.dll
C:\Program Files\dotnet\sdk\8.0.200\Extensions\Microsoft.TestPlatform.Extensions.EventLogCollector.dll
C:\Program Files\dotnet\sdk\8.0.200\Extensions\Microsoft.TestPlatform.TestHostRuntimeProvider.dll
C:\Program Files\dotnet\sdk\8.0.200\Extensions\Microsoft.VisualStudio.TestPlatform.Extensions.Html.TestLogger.dll
C:\Program Files\dotnet\sdk\8.0.200\Extensions\Microsoft.VisualStudio.TestPlatform.Extensions.Trx.TestLogger.dll
TpTrace Verbose: 0 : 22972, 5, 2024/03/16, 15:50:56.288, 73870291630, vstest.console.dll, TestPluginCache.GetExtensionPaths: Added unfilterableExtensionPaths: 
TpTrace Verbose: 0 : 22972, 5, 2024/03/16, 15:50:56.295, 73870364416, vstest.console.dll, TestRequestSender.InitializeExecution: Sending initialize execution with message: {"Version":7,"MessageType":"TestExecution.Initialize","Payload":["C:\\Users\\katia\\OneDrive\\Рабочий стол\\Eventmi-AppSkeleton\\Eventmi.Tests\\bin\\Debug\\net6.0\\fine-code-coverage\\build-output\\NUnit3.TestAdapter.dll"]}
TpTrace Verbose: 0 : 22972, 5, 2024/03/16, 15:50:56.295, 73870369058, vstest.console.dll, ParallelProxyExecutionManager.StartTestRunOnConcurrentManager: Execution starting. Started clients: 1
TpTrace Verbose: 0 : 22972, 13, 2024/03/16, 15:50:56.296, 73870378669, vstest.console.dll, TcpClientExtensions.MessageLoopAsync: NotifyDataAvailable remoteEndPoint: 127.0.0.1:52529 localEndPoint: 127.0.0.1:52528
TpTrace Verbose: 0 : 22972, 5, 2024/03/16, 15:50:56.298, 73870391080, vstest.console.dll, TestRunRequest:SendTestRunMessage: Starting.
TpTrace Verbose: 0 : 22972, 5, 2024/03/16, 15:50:56.298, 73870396633, vstest.console.dll, MulticastDelegateUtilities.SafeInvoke: TestRun.LogMessages: Invoking callback 1/1 for Microsoft.VisualStudio.TestPlatform.CommandLine.TestRunResultAggregator., took 0 ms.
TpTrace Information: 0 : 22972, 5, 2024/03/16, 15:50:56.298, 73870398843, vstest.console.dll, TestRunRequest:SendTestRunMessage: Completed.
TpTrace Verbose: 0 : 22972, 4, 2024/03/16, 15:50:56.298, 73870400313, vstest.console.dll, MulticastDelegateUtilities.SafeInvoke: InternalTestLoggerEvents.SendTestRunMessage: Invoking callback 1/1 for Microsoft.VisualStudio.TestPlatform.CommandLine.Internal.ConsoleLogger., took 0 ms.
TpTrace Warning: 0 : 22972, 5, 2024/03/16, 15:50:56.300, 73870413961, vstest.console.dll, InferRunSettingsHelper.MakeRunsettingsCompatible: Removing the following settings: TargetPlatform from RunSettings file. To use those settings please move to latest version of Microsoft.NET.Test.Sdk
TpTrace Verbose: 0 : 22972, 13, 2024/03/16, 15:50:56.302, 73870430644, vstest.console.dll, TestRequestSender.OnExecutionMessageReceived: Received message: {"Version":7,"MessageType":"TestSession.Message","Payload":{"MessageLevel":0,"Message":"Logging TestHost Diagnostics in file: C:\\Users\\katia\\OneDrive\\Рабочий стол\\Eventmi-AppSkeleton\\Eventmi.Tests\\bin\\Debug\\net6.0\\fine-code-coverage\\coverage-tool-output\\diagnostics.host.24-03-16_15-50-55_72107_5.log"}}
TpTrace Verbose: 0 : 22972, 13, 2024/03/16, 15:50:56.308, 73870496990, vstest.console.dll, TestRunRequest:SendTestRunMessage: Starting.
TpTrace Verbose: 0 : 22972, 13, 2024/03/16, 15:50:56.308, 73870500022, vstest.console.dll, MulticastDelegateUtilities.SafeInvoke: TestRun.LogMessages: Invoking callback 1/1 for Microsoft.VisualStudio.TestPlatform.CommandLine.TestRunResultAggregator., took 0 ms.
TpTrace Information: 0 : 22972, 13, 2024/03/16, 15:50:56.309, 73870501015, vstest.console.dll, TestRunRequest:SendTestRunMessage: Completed.
TpTrace Verbose: 0 : 22972, 4, 2024/03/16, 15:50:56.308, 73870500218, vstest.console.dll, MulticastDelegateUtilities.SafeInvoke: InternalTestLoggerEvents.SendTestRunMessage: Invoking callback 1/1 for Microsoft.VisualStudio.TestPlatform.CommandLine.Internal.ConsoleLogger., took 0 ms.
TpTrace Verbose: 0 : 22972, 13, 2024/03/16, 15:50:56.309, 73870502005, vstest.console.dll, MulticastDelegateUtilities.SafeInvoke: LengthPrefixCommunicationChannel: MessageReceived: Invoking callback 1/1 for Microsoft.VisualStudio.TestPlatform.CommunicationUtilities.TestRequestSender+<>c__DisplayClass34_0., took 7 ms.
TpTrace Verbose: 0 : 22972, 13, 2024/03/16, 15:50:56.309, 73870504924, vstest.console.dll, TcpClientExtensions.MessageLoopAsync: Polling on remoteEndPoint: 127.0.0.1:52529 localEndPoint: 127.0.0.1:52528 after 21 ms
TpTrace Verbose: 0 : 22972, 5, 2024/03/16, 15:50:56.323, 73870643283, vstest.console.dll, TestRequestSender.StartTestRun: Sending test run with message: {"Version":7,"MessageType":"TestExecution.StartWithSources","Payload":{"AdapterSourceMap":{"_none_":["C:\\Users\\katia\\OneDrive\\Рабочий стол\\Eventmi-AppSkeleton\\Eventmi.Tests\\bin\\Debug\\net6.0\\fine-code-coverage\\build-output\\Eventmi.Tests.dll"]},"RunSettings":"<RunSettings>\r\n  <RunConfiguration>\r\n    <ResultsDirectory>C:\\Users\\katia\\OneDrive\\Рабочий стол\\Eventmi-AppSkeleton\\Eventmi.Tests\\bin\\Debug\\net6.0\\fine-code-coverage\\coverage-tool-output</ResultsDirectory>\r\n    <TargetFrameworkVersion>.NETCoreApp,Version=v6.0</TargetFrameworkVersion>\r\n    <DesignMode>False</DesignMode>\r\n    <CollectSourceInformation>False</CollectSourceInformation>\r\n  </RunConfiguration>\r\n  <LoggerRunSettings>\r\n    <Loggers>\r\n      <Logger friendlyName=\"blame\" enabled=\"True\" />\r\n      <Logger friendlyName=\"Console\" uri=\"logger://microsoft/TestPlatform/ConsoleLogger/v1\" assemblyQualifiedName=\"Microsoft.VisualStudio.TestPlatform.CommandLine.Internal.ConsoleLogger, vstest.console, Version=15.0.0.0, Culture=neutral, PublicKeyToken=b03f5f7f11d50a3a\" codeBase=\"C:\\Program Files\\dotnet\\sdk\\8.0.200\\vstest.console.dll\" enabled=\"True\" />\r\n    </Loggers>\r\n  </LoggerRunSettings>\r\n  <DataCollectionRunSettings>\r\n    <DataCollectors>\r\n      <DataCollector friendlyName=\"blame\" enabled=\"True\">\r\n        <Configuration>\r\n          <ResultsDirectory>C:\\Users\\katia\\OneDrive\\Рабочий стол\\Eventmi-AppSkeleton\\Eventmi.Tests\\bin\\Debug\\net6.0\\fine-code-coverage\\coverage-tool-output</ResultsDirectory>\r\n        </Configuration>\r\n      </DataCollector>\r\n    </DataCollectors>\r\n  </DataCollectionRunSettings>\r\n</RunSettings>","TestExecutionContext":{"FrequencyOfRunStatsChangeEvent":10,"RunStatsChangeEventTimeout":"00:00:01.5000000","InIsolation":false,"KeepAlive":false,"AreTestCaseLevelEventsRequired":false,"IsDebug":false,"TestCaseFilter":null,"FilterOptions":null},"Package":null}}
TpTrace Verbose: 0 : 22972, 5, 2024/03/16, 15:50:56.323, 73870646331, vstest.console.dll, ParallelProxyExecutionManager.StartTestRunOnConcurrentManager: Execution started. Started clients: 1
TpTrace Verbose: 0 : 22972, 13, 2024/03/16, 15:50:56.587, 73873282759, vstest.console.dll, TcpClientExtensions.MessageLoopAsync: NotifyDataAvailable remoteEndPoint: 127.0.0.1:52529 localEndPoint: 127.0.0.1:52528
TpTrace Verbose: 0 : 22972, 13, 2024/03/16, 15:50:56.587, 73873286377, vstest.console.dll, TestRequestSender.OnExecutionMessageReceived: Received message: {"Version":7,"MessageType":"TestSession.Message","Payload":{"MessageLevel":0,"Message":"NUnit Adapter 4.4.0.0: Test execution started"}}
TpTrace Verbose: 0 : 22972, 13, 2024/03/16, 15:50:56.587, 73873288899, vstest.console.dll, TestRunRequest:SendTestRunMessage: Starting.
TpTrace Verbose: 0 : 22972, 13, 2024/03/16, 15:50:56.587, 73873290013, vstest.console.dll, MulticastDelegateUtilities.SafeInvoke: TestRun.LogMessages: Invoking callback 1/1 for Microsoft.VisualStudio.TestPlatform.CommandLine.TestRunResultAggregator., took 0 ms.
TpTrace Verbose: 0 : 22972, 4, 2024/03/16, 15:50:56.587, 73873290285, vstest.console.dll, MulticastDelegateUtilities.SafeInvoke: InternalTestLoggerEvents.SendTestRunMessage: Invoking callback 1/1 for Microsoft.VisualStudio.TestPlatform.CommandLine.Internal.ConsoleLogger., took 0 ms.
TpTrace Information: 0 : 22972, 13, 2024/03/16, 15:50:56.588, 73873291560, vstest.console.dll, TestRunRequest:SendTestRunMessage: Completed.
TpTrace Verbose: 0 : 22972, 13, 2024/03/16, 15:50:56.588, 73873292541, vstest.console.dll, MulticastDelegateUtilities.SafeInvoke: LengthPrefixCommunicationChannel: MessageReceived: Invoking callback 1/1 for Microsoft.VisualStudio.TestPlatform.CommunicationUtilities.TestRequestSender+<>c__DisplayClass34_0., took 0 ms.
TpTrace Verbose: 0 : 22972, 13, 2024/03/16, 15:50:56.588, 73873293190, vstest.console.dll, TcpClientExtensions.MessageLoopAsync: Polling on remoteEndPoint: 127.0.0.1:52529 localEndPoint: 127.0.0.1:52528 after 278 ms
TpTrace Verbose: 0 : 22972, 13, 2024/03/16, 15:50:56.631, 73873728729, vstest.console.dll, TcpClientExtensions.MessageLoopAsync: NotifyDataAvailable remoteEndPoint: 127.0.0.1:52529 localEndPoint: 127.0.0.1:52528
TpTrace Verbose: 0 : 22972, 13, 2024/03/16, 15:50:56.632, 73873731788, vstest.console.dll, TestRequestSender.OnExecutionMessageReceived: Received message: {"Version":7,"MessageType":"TestSession.Message","Payload":{"MessageLevel":0,"Message":"Running all tests in C:\\Users\\katia\\OneDrive\\Рабочий стол\\Eventmi-AppSkeleton\\Eventmi.Tests\\bin\\Debug\\net6.0\\fine-code-coverage\\build-output\\Eventmi.Tests.dll"}}
TpTrace Verbose: 0 : 22972, 13, 2024/03/16, 15:50:56.632, 73873734289, vstest.console.dll, TestRunRequest:SendTestRunMessage: Starting.
TpTrace Verbose: 0 : 22972, 13, 2024/03/16, 15:50:56.632, 73873735764, vstest.console.dll, MulticastDelegateUtilities.SafeInvoke: TestRun.LogMessages: Invoking callback 1/1 for Microsoft.VisualStudio.TestPlatform.CommandLine.TestRunResultAggregator., took 0 ms.
TpTrace Verbose: 0 : 22972, 4, 2024/03/16, 15:50:56.632, 73873736361, vstest.console.dll, MulticastDelegateUtilities.SafeInvoke: InternalTestLoggerEvents.SendTestRunMessage: Invoking callback 1/1 for Microsoft.VisualStudio.TestPlatform.CommandLine.Internal.ConsoleLogger., took 0 ms.
TpTrace Information: 0 : 22972, 13, 2024/03/16, 15:50:56.632, 73873736587, vstest.console.dll, TestRunRequest:SendTestRunMessage: Completed.
TpTrace Verbose: 0 : 22972, 13, 2024/03/16, 15:50:56.632, 73873739142, vstest.console.dll, MulticastDelegateUtilities.SafeInvoke: LengthPrefixCommunicationChannel: MessageReceived: Invoking callback 1/1 for Microsoft.VisualStudio.TestPlatform.CommunicationUtilities.TestRequestSender+<>c__DisplayClass34_0., took 0 ms.
TpTrace Verbose: 0 : 22972, 13, 2024/03/16, 15:50:56.632, 73873740105, vstest.console.dll, TcpClientExtensions.MessageLoopAsync: Polling on remoteEndPoint: 127.0.0.1:52529 localEndPoint: 127.0.0.1:52528 after 44 ms
TpTrace Verbose: 0 : 22972, 13, 2024/03/16, 15:50:57.643, 73883846959, vstest.console.dll, TcpClientExtensions.MessageLoopAsync: Polling on remoteEndPoint: 127.0.0.1:52529 localEndPoint: 127.0.0.1:52528 after 1010 ms
TpTrace Verbose: 0 : 22972, 13, 2024/03/16, 15:50:58.656, 73893980160, vstest.console.dll, TcpClientExtensions.MessageLoopAsync: Polling on remoteEndPoint: 127.0.0.1:52529 localEndPoint: 127.0.0.1:52528 after 1013 ms
TpTrace Verbose: 0 : 22972, 13, 2024/03/16, 15:50:59.664, 73904058969, vstest.console.dll, TcpClientExtensions.MessageLoopAsync: Polling on remoteEndPoint: 127.0.0.1:52529 localEndPoint: 127.0.0.1:52528 after 1007 ms
TpTrace Verbose: 0 : 22972, 13, 2024/03/16, 15:50:59.788, 73905291863, vstest.console.dll, TcpClientExtensions.MessageLoopAsync: NotifyDataAvailable remoteEndPoint: 127.0.0.1:52529 localEndPoint: 127.0.0.1:52528
TpTrace Verbose: 0 : 22972, 13, 2024/03/16, 15:50:59.788, 73905294848, vstest.console.dll, TestRequestSender.OnExecutionMessageReceived: Received message: {"Version":7,"MessageType":"TestSession.Message","Payload":{"MessageLevel":0,"Message":"   NUnit3TestExecutor discovered 9 of 9 NUnit test cases using Current Discovery mode, Non-Explicit run"}}
TpTrace Verbose: 0 : 22972, 13, 2024/03/16, 15:50:59.788, 73905297887, vstest.console.dll, TestRunRequest:SendTestRunMessage: Starting.
TpTrace Verbose: 0 : 22972, 13, 2024/03/16, 15:50:59.788, 73905299679, vstest.console.dll, MulticastDelegateUtilities.SafeInvoke: TestRun.LogMessages: Invoking callback 1/1 for Microsoft.VisualStudio.TestPlatform.CommandLine.TestRunResultAggregator., took 0 ms.
TpTrace Information: 0 : 22972, 13, 2024/03/16, 15:50:59.789, 73905300436, vstest.console.dll, TestRunRequest:SendTestRunMessage: Completed.
TpTrace Verbose: 0 : 22972, 4, 2024/03/16, 15:50:59.788, 73905299780, vstest.console.dll, MulticastDelegateUtilities.SafeInvoke: InternalTestLoggerEvents.SendTestRunMessage: Invoking callback 1/1 for Microsoft.VisualStudio.TestPlatform.CommandLine.Internal.ConsoleLogger., took 0 ms.
TpTrace Verbose: 0 : 22972, 13, 2024/03/16, 15:50:59.789, 73905300976, vstest.console.dll, MulticastDelegateUtilities.SafeInvoke: LengthPrefixCommunicationChannel: MessageReceived: Invoking callback 1/1 for Microsoft.VisualStudio.TestPlatform.CommunicationUtilities.TestRequestSender+<>c__DisplayClass34_0., took 0 ms.
TpTrace Verbose: 0 : 22972, 13, 2024/03/16, 15:50:59.789, 73905302861, vstest.console.dll, TcpClientExtensions.MessageLoopAsync: Polling on remoteEndPoint: 127.0.0.1:52529 localEndPoint: 127.0.0.1:52528 after 124 ms
TpTrace Verbose: 0 : 22972, 13, 2024/03/16, 15:50:59.879, 73906206683, vstest.console.dll, TcpClientExtensions.MessageLoopAsync: NotifyDataAvailable remoteEndPoint: 127.0.0.1:52529 localEndPoint: 127.0.0.1:52528
TpTrace Verbose: 0 : 22972, 13, 2024/03/16, 15:50:59.879, 73906209575, vstest.console.dll, TestRequestSender.OnExecutionMessageReceived: Received message: {"Version":7,"MessageType":"TestExecution.StatsChange","Payload":{"NewTestResults":[],"TestRunStatistics":{"ExecutedTests":0,"Stats":{}},"ActiveTests":[{"Id":"f7dcfbf0-a662-f482-0b54-324c25a38798","FullyQualifiedName":"Eventmi.Tests.EventControllerTests.Add_PostRequest_AddsEventAndRedirekts","DisplayName":"Add_PostRequest_AddsEventAndRedirekts","ExecutorUri":"executor://NUnit3TestExecutor","Source":"C:\\Users\\katia\\OneDrive\\Рабочий стол\\Eventmi-AppSkeleton\\Eventmi.Tests\\bin\\Debug\\net6.0\\fine-code-coverage\\build-output\\Eventmi.Tests.dll","CodeFilePath":null,"LineNumber":0,"Properties":[{"Key":{"Id":"NUnit.Seed","Label":"Seed","Category":"","Description":"","Attributes":0,"ValueType":"System.String"},"Value":"1705551786"}]}]}}
TpTrace Verbose: 0 : 22972, 13, 2024/03/16, 15:50:59.906, 73906472704, vstest.console.dll, TestRunRequest:SendTestRunStatsChange: Starting.
TpTrace Verbose: 0 : 22972, 13, 2024/03/16, 15:50:59.906, 73906474974, vstest.console.dll, InProgress is Add_PostRequest_AddsEventAndRedirekts
TpTrace Verbose: 0 : 22972, 13, 2024/03/16, 15:50:59.906, 73906476102, vstest.console.dll, MulticastDelegateUtilities.SafeInvoke: TestRun.RunStatsChanged: Invoking callbacks was skipped because there are no subscribers.
TpTrace Information: 0 : 22972, 13, 2024/03/16, 15:50:59.906, 73906476566, vstest.console.dll, TestRunRequest:SendTestRunStatsChange: Completed.
TpTrace Verbose: 0 : 22972, 13, 2024/03/16, 15:50:59.906, 73906477118, vstest.console.dll, MulticastDelegateUtilities.SafeInvoke: LengthPrefixCommunicationChannel: MessageReceived: Invoking callback 1/1 for Microsoft.VisualStudio.TestPlatform.CommunicationUtilities.TestRequestSender+<>c__DisplayClass34_0., took 26 ms.
TpTrace Verbose: 0 : 22972, 13, 2024/03/16, 15:50:59.906, 73906477537, vstest.console.dll, TcpClientExtensions.MessageLoopAsync: Polling on remoteEndPoint: 127.0.0.1:52529 localEndPoint: 127.0.0.1:52528 after 117 ms
TpTrace Verbose: 0 : 22972, 13, 2024/03/16, 15:51:00.917, 73916586504, vstest.console.dll, TcpClientExtensions.MessageLoopAsync: Polling on remoteEndPoint: 127.0.0.1:52529 localEndPoint: 127.0.0.1:52528 after 1010 ms
TpTrace Verbose: 0 : 22972, 13, 2024/03/16, 15:51:01.865, 73926068176, vstest.console.dll, TcpClientExtensions.MessageLoopAsync: NotifyDataAvailable remoteEndPoint: 127.0.0.1:52529 localEndPoint: 127.0.0.1:52528
TpTrace Verbose: 0 : 22972, 13, 2024/03/16, 15:51:01.866, 73926074390, vstest.console.dll, TestRequestSender.OnExecutionMessageReceived: Received message: {"Version":7,"MessageType":"TestExecution.StatsChange","Payload":{"NewTestResults":[{"TestCase":{"Id":"f7dcfbf0-a662-f482-0b54-324c25a38798","FullyQualifiedName":"Eventmi.Tests.EventControllerTests.Add_PostRequest_AddsEventAndRedirekts","DisplayName":"Add_PostRequest_AddsEventAndRedirekts","ExecutorUri":"executor://NUnit3TestExecutor","Source":"C:\\Users\\katia\\OneDrive\\Рабочий стол\\Eventmi-AppSkeleton\\Eventmi.Tests\\bin\\Debug\\net6.0\\fine-code-coverage\\build-output\\Eventmi.Tests.dll","CodeFilePath":null,"LineNumber":0,"Properties":[{"Key":{"Id":"NUnit.Seed","Label":"Seed","Category":"","Description":"","Attributes":0,"ValueType":"System.String"},"Value":"1705551786"}]},"Attachments":[],"Outcome":1,"ErrorMessage":null,"ErrorStackTrace":null,"DisplayName":"Add_PostRequest_AddsEventAndRedirekts","Messages":[],"ComputerName":"04011987","Duration":"00:00:01.9638650","StartTime":"2024-03-16T13:50:59.8285405+00:00","EndTime":"2024-03-16T13:51:01.7923378+00:00","Properties":[{"Key":{"Id":"NUnit.Seed","Label":"Seed","Category":"","Description":"","Attributes":0,"ValueType":"System.String"},"Value":"1705551786"}]}],"TestRunStatistics":{"ExecutedTests":1,"Stats":{"Passed":1}},"ActiveTests":[{"Id":"d4b8c6eb-fc22-ad46-0666-9dcc7e55a086","FullyQualifiedName":"Eventmi.Tests.EventControllerTests.DeleteAction_WithValidId_ShouldRedirectToAllEvents","DisplayName":"DeleteAction_WithValidId_ShouldRedirectToAllEvents","ExecutorUri":"executor://NUnit3TestExecutor","Source":"C:\\Users\\katia\\OneDrive\\Рабочий стол\\Eventmi-AppSkeleton\\Eventmi.Tests\\bin\\Debug\\net6.0\\fine-code-coverage\\build-output\\Eventmi.Tests.dll","CodeFilePath":null,"LineNumber":0,"Properties":[{"Key":{"Id":"NUnit.Seed","Label":"Seed","Category":"","Description":"","Attributes":0,"ValueType":"System.String"},"Value":"404498635"}]}]}}
TpTrace Verbose: 0 : 22972, 13, 2024/03/16, 15:51:01.884, 73926252413, vstest.console.dll, TestRunRequest:SendTestRunStatsChange: Starting.
TpTrace Verbose: 0 : 22972, 13, 2024/03/16, 15:51:01.884, 73926254281, vstest.console.dll, InProgress is DeleteAction_WithValidId_ShouldRedirectToAllEvents
TpTrace Verbose: 0 : 22972, 13, 2024/03/16, 15:51:01.884, 73926257387, vstest.console.dll, MulticastDelegateUtilities.SafeInvoke: TestRun.RunStatsChanged: Invoking callbacks was skipped because there are no subscribers.
TpTrace Information: 0 : 22972, 13, 2024/03/16, 15:51:01.884, 73926258332, vstest.console.dll, TestRunRequest:SendTestRunStatsChange: Completed.
TpTrace Verbose: 0 : 22972, 13, 2024/03/16, 15:51:01.884, 73926259070, vstest.console.dll, MulticastDelegateUtilities.SafeInvoke: LengthPrefixCommunicationChannel: MessageReceived: Invoking callback 1/1 for Microsoft.VisualStudio.TestPlatform.CommunicationUtilities.TestRequestSender+<>c__DisplayClass34_0., took 18 ms.
TpTrace Verbose: 0 : 22972, 13, 2024/03/16, 15:51:01.884, 73926259839, vstest.console.dll, TcpClientExtensions.MessageLoopAsync: Polling on remoteEndPoint: 127.0.0.1:52529 localEndPoint: 127.0.0.1:52528 after 967 ms
TpTrace Verbose: 0 : 22972, 4, 2024/03/16, 15:51:01.888, 73926298249, vstest.console.dll, MulticastDelegateUtilities.SafeInvoke: InternalTestLoggerEvents.SendTestResult: Invoking callback 1/1 for Microsoft.VisualStudio.TestPlatform.CommandLine.Internal.ConsoleLogger., took 4 ms.
TpTrace Verbose: 0 : 22972, 13, 2024/03/16, 15:51:02.495, 73932364340, vstest.console.dll, TcpClientExtensions.MessageLoopAsync: NotifyDataAvailable remoteEndPoint: 127.0.0.1:52529 localEndPoint: 127.0.0.1:52528
TpTrace Verbose: 0 : 22972, 13, 2024/03/16, 15:51:02.495, 73932368036, vstest.console.dll, TestRequestSender.OnExecutionMessageReceived: Received message: {"Version":7,"MessageType":"TestSession.Message","Payload":{"MessageLevel":0,"Message":"NUnit Adapter 4.4.0.0: Test execution complete"}}
TpTrace Verbose: 0 : 22972, 13, 2024/03/16, 15:51:02.496, 73932370568, vstest.console.dll, TestRunRequest:SendTestRunMessage: Starting.
TpTrace Verbose: 0 : 22972, 13, 2024/03/16, 15:51:02.496, 73932372214, vstest.console.dll, MulticastDelegateUtilities.SafeInvoke: TestRun.LogMessages: Invoking callback 1/1 for Microsoft.VisualStudio.TestPlatform.CommandLine.TestRunResultAggregator., took 0 ms.
TpTrace Verbose: 0 : 22972, 4, 2024/03/16, 15:51:02.496, 73932372707, vstest.console.dll, MulticastDelegateUtilities.SafeInvoke: InternalTestLoggerEvents.SendTestRunMessage: Invoking callback 1/1 for Microsoft.VisualStudio.TestPlatform.CommandLine.Internal.ConsoleLogger., took 0 ms.
TpTrace Information: 0 : 22972, 13, 2024/03/16, 15:51:02.496, 73932373196, vstest.console.dll, TestRunRequest:SendTestRunMessage: Completed.
TpTrace Verbose: 0 : 22972, 13, 2024/03/16, 15:51:02.496, 73932376077, vstest.console.dll, MulticastDelegateUtilities.SafeInvoke: LengthPrefixCommunicationChannel: MessageReceived: Invoking callback 1/1 for Microsoft.VisualStudio.TestPlatform.CommunicationUtilities.TestRequestSender+<>c__DisplayClass34_0., took 0 ms.
TpTrace Verbose: 0 : 22972, 13, 2024/03/16, 15:51:02.496, 73932376870, vstest.console.dll, TcpClientExtensions.MessageLoopAsync: Polling on remoteEndPoint: 127.0.0.1:52529 localEndPoint: 127.0.0.1:52528 after 611 ms
TpTrace Verbose: 0 : 22972, 13, 2024/03/16, 15:51:02.536, 73932779714, vstest.console.dll, TcpClientExtensions.MessageLoopAsync: NotifyDataAvailable remoteEndPoint: 127.0.0.1:52529 localEndPoint: 127.0.0.1:52528
TpTrace Verbose: 0 : 22972, 13, 2024/03/16, 15:51:02.537, 73932784027, vstest.console.dll, TestRequestSender.OnExecutionMessageReceived: Received message: {"Version":7,"MessageType":"TestExecution.Completed","Payload":{"TestRunCompleteArgs":{"TestRunStatistics":{"ExecutedTests":9,"Stats":{"Passed":8,"Failed":1}},"IsCanceled":false,"IsAborted":false,"Error":null,"AttachmentSets":[],"InvokedDataCollectors":[],"ElapsedTimeInRunningTests":"00:00:05.9596401","Metrics":{},"DiscoveredExtensions":{"TestDiscoverers":["NUnit.VisualStudio.TestAdapter.NUnit3TestDiscoverer, NUnit3.TestAdapter, Version=4.4.0.0, Culture=neutral, PublicKeyToken=4cb40d35494691ac"],"TestExecutors":["executor://NUnit3TestExecutor"],"TestExecutors2":[],"TestSettingsProviders":[]}},"LastRunTests":{"NewTestResults":[{"TestCase":{"Id":"d4b8c6eb-fc22-ad46-0666-9dcc7e55a086","FullyQualifiedName":"Eventmi.Tests.EventControllerTests.DeleteAction_WithValidId_ShouldRedirectToAllEvents","DisplayName":"DeleteAction_WithValidId_ShouldRedirectToAllEvents","ExecutorUri":"executor://NUnit3TestExecutor","Source":"C:\\Users\\katia\\OneDrive\\Рабочий стол\\Eventmi-AppSkeleton\\Eventmi.Tests\\bin\\Debug\\net6.0\\fine-code-coverage\\build-output\\Eventmi.Tests.dll","CodeFilePath":null,"LineNumber":0,"Properties":[{"Key":{"Id":"NUnit.Seed","Label":"Seed","Category":"","Description":"","Attributes":0,"ValueType":"System.String"},"Value":"404498635"}]},"Attachments":[],"Outcome":1,"ErrorMessage":null,"ErrorStackTrace":null,"DisplayName":"DeleteAction_WithValidId_ShouldRedirectToAllEvents","Messages":[],"ComputerName":"04011987","Duration":"00:00:00.1834920","StartTime":"2024-03-16T13:51:01.7940171+00:00","EndTime":"2024-03-16T13:51:01.9775088+00:00","Properties":[{"Key":{"Id":"NUnit.Seed","Label":"Seed","Category":"","Description":"","Attributes":0,"ValueType":"System.String"},"Value":"404498635"}]},{"TestCase":{"Id":"cbf2f4bd-9b7d-5bd6-2552-be2c6b2fb082","FullyQualifiedName":"Eventmi.Tests.EventControllerTests.EditAction_ReturnsSuccessAndEditsEvent","DisplayName":"EditAction_ReturnsSuccessAndEditsEvent","ExecutorUri":"executor://NUnit3TestExecutor","Source":"C:\\Users\\katia\\OneDrive\\Рабочий стол\\Eventmi-AppSkeleton\\Eventmi.Tests\\bin\\Debug\\net6.0\\fine-code-coverage\\build-output\\Eventmi.Tests.dll","CodeFilePath":null,"LineNumber":0,"Properties":[{"Key":{"Id":"NUnit.Seed","Label":"Seed","Category":"","Description":"","Attributes":0,"ValueType":"System.String"},"Value":"932921784"}]},"Attachments":[],"Outcome":1,"ErrorMessage":null,"ErrorStackTrace":null,"DisplayName":"EditAction_ReturnsSuccessAndEditsEvent","Messages":[],"ComputerName":"04011987","Duration":"00:00:00.1123700","StartTime":"2024-03-16T13:51:01.9775999+00:00","EndTime":"2024-03-16T13:51:02.0899691+00:00","Properties":[{"Key":{"Id":"NUnit.Seed","Label":"Seed","Category":"","Description":"","Attributes":0,"ValueType":"System.String"},"Value":"932921784"}]},{"TestCase":{"Id":"35660e99-6b7c-2c66-84da-f246d0586d34","FullyQualifiedName":"Eventmi.Tests.EventControllerTests.EditAction_ReturnsViewforValidId","DisplayName":"EditAction_ReturnsViewforValidId","ExecutorUri":"executor://NUnit3TestExecutor","Source":"C:\\Users\\katia\\OneDrive\\Рабочий стол\\Eventmi-AppSkeleton\\Eventmi.Tests\\bin\\Debug\\net6.0\\fine-code-coverage\\build-output\\Eventmi.Tests.dll","CodeFilePath":null,"LineNumber":0,"Properties":[{"Key":{"Id":"NUnit.Seed","Label":"Seed","Category":"","Description":"","Attributes":0,"ValueType":"System.String"},"Value":"1404222135"}]},"Attachments":[],"Outcome":1,"ErrorMessage":null,"ErrorStackTrace":null,"DisplayName":"EditAction_ReturnsViewforValidId","Messages":[],"ComputerName":"04011987","Duration":"00:00:00.0669910","StartTime":"2024-03-16T13:51:02.0900153+00:00","EndTime":"2024-03-16T13:51:02.1570054+00:00","Properties":[{"Key":{"Id":"NUnit.Seed","Label":"Seed","Category":"","Description":"","Attributes":0,"ValueType":"System.String"},"Value":"1404222135"}]},{"TestCase":{"Id":"258908a4-b1c9-06cc-10af-87a31c8e1169","FullyQualifiedName":"Eventmi.Tests.EventControllerTests.EditPostAction_MismatchID_ShouldReturnNotFound","DisplayName":"EditPostAction_MismatchID_ShouldReturnNotFound","ExecutorUri":"executor://NUnit3TestExecutor","Source":"C:\\Users\\katia\\OneDrive\\Рабочий стол\\Eventmi-AppSkeleton\\Eventmi.Tests\\bin\\Debug\\net6.0\\fine-code-coverage\\build-output\\Eventmi.Tests.dll","CodeFilePath":null,"LineNumber":0,"Properties":[{"Key":{"Id":"NUnit.Seed","Label":"Seed","Category":"","Description":"","Attributes":0,"ValueType":"System.String"},"Value":"85147977"}]},"Attachments":[],"Outcome":2,"ErrorMessage":"  Expected: NotFound\r\n  But was:  OK\r\n","ErrorStackTrace":"   at Eventmi.Tests.EventControllerTests.EditPostAction_MismatchID_ShouldReturnNotFound() in C:\\Users\\katia\\OneDrive\\Рабочий стол\\Eventmi-AppSkeleton\\Eventmi.Tests\\EventControllersTests.cs:line 199\r\n   at NUnit.Framework.Internal.TaskAwaitAdapter.GenericAdapter`1.BlockUntilCompleted()\r\n   at NUnit.Framework.Internal.MessagePumpStrategy.NoMessagePumpStrategy.WaitForCompletion(AwaitAdapter awaiter)\r\n   at NUnit.Framework.Internal.AsyncToSyncAdapter.Await(Func`1 invoke)\r\n   at NUnit.Framework.Internal.Commands.TestMethodCommand.RunTestMethod(TestExecutionContext context)\r\n   at NUnit.Framework.Internal.Commands.TestMethodCommand.Execute(TestExecutionContext context)\r\n   at NUnit.Framework.Internal.Commands.BeforeAndAfterTestCommand.<>c__DisplayClass1_0.<Execute>b__0()\r\n   at NUnit.Framework.Internal.Commands.DelegatingTestCommand.RunTestMethodInThreadAbortSafeZone(TestExecutionContext context, Action action)\r\n\n1)    at Eventmi.Tests.EventControllerTests.EditPostAction_MismatchID_ShouldReturnNotFound() in C:\\Users\\katia\\OneDrive\\Рабочий стол\\Eventmi-AppSkeleton\\Eventmi.Tests\\EventControllersTests.cs:line 199\r\n   at System.Runtime.CompilerServices.AsyncTaskMethodBuilder`1.AsyncStateMachineBox`1.ExecutionContextCallback(Object s)\r\n\n","DisplayName":"EditPostAction_MismatchID_ShouldReturnNotFound","Messages":[],"ComputerName":"04011987","Duration":"00:00:00.1717320","StartTime":"2024-03-16T13:51:02.1579742+00:00","EndTime":"2024-03-16T13:51:02.3297057+00:00","Properties":[{"Key":{"Id":"NUnit.Seed","Label":"Seed","Category":"","Description":"","Attributes":0,"ValueType":"System.String"},"Value":"85147977"}]},{"TestCase":{"Id":"1b71a531-210a-dce1-946e-0641e758f766","FullyQualifiedName":"Eventmi.Tests.EventControllerTests.EditPostAction_WithInvalidModel_ReturnsViweWithModel","DisplayName":"EditPostAction_WithInvalidModel_ReturnsViweWithModel","ExecutorUri":"executor://NUnit3TestExecutor","Source":"C:\\Users\\katia\\OneDrive\\Рабочий стол\\Eventmi-AppSkeleton\\Eventmi.Tests\\bin\\Debug\\net6.0\\fine-code-coverage\\build-output\\Eventmi.Tests.dll","CodeFilePath":null,"LineNumber":0,"Properties":[{"Key":{"Id":"NUnit.Seed","Label":"Seed","Category":"","Description":"","Attributes":0,"ValueType":"System.String"},"Value":"1537591897"}]},"Attachments":[],"Outcome":1,"ErrorMessage":null,"ErrorStackTrace":null,"DisplayName":"EditPostAction_WithInvalidModel_ReturnsViweWithModel","Messages":[],"ComputerName":"04011987","Duration":"00:00:00.0260320","StartTime":"2024-03-16T13:51:02.3299299+00:00","EndTime":"2024-03-16T13:51:02.3559607+00:00","Properties":[{"Key":{"Id":"NUnit.Seed","Label":"Seed","Category":"","Description":"","Attributes":0,"ValueType":"System.String"},"Value":"1537591897"}]},{"TestCase":{"Id":"7894aaf7-c830-9889-950e-6a4e5ca6907f","FullyQualifiedName":"Eventmi.Tests.EventControllerTests.GetAllEvents_ReturnsSuccessStatusCode","DisplayName":"GetAllEvents_ReturnsSuccessStatusCode","ExecutorUri":"executor://NUnit3TestExecutor","Source":"C:\\Users\\katia\\OneDrive\\Рабочий стол\\Eventmi-AppSkeleton\\Eventmi.Tests\\bin\\Debug\\net6.0\\fine-code-coverage\\build-output\\Eventmi.Tests.dll","CodeFilePath":null,"LineNumber":0,"Properties":[{"Key":{"Id":"NUnit.Seed","Label":"Seed","Category":"","Description":"","Attributes":0,"ValueType":"System.String"},"Value":"428931398"}]},"Attachments":[],"Outcome":1,"ErrorMessage":null,"ErrorStackTrace":null,"DisplayName":"GetAllEvents_ReturnsSuccessStatusCode","Messages":[],"ComputerName":"04011987","Duration":"00:00:00.0200240","StartTime":"2024-03-16T13:51:02.3562232+00:00","EndTime":"2024-03-16T13:51:02.3762471+00:00","Properties":[{"Key":{"Id":"NUnit.Seed","Label":"Seed","Category":"","Description":"","Attributes":0,"ValueType":"System.String"},"Value":"428931398"}]},{"TestCase":{"Id":"3c26373a-d27c-4521-3d7a-e05904525150","FullyQualifiedName":"Eventmi.Tests.EventControllerTests.GetEventDetails_ReturnsSuccesAndExpectedContent","DisplayName":"GetEventDetails_ReturnsSuccesAndExpectedContent","ExecutorUri":"executor://NUnit3TestExecutor","Source":"C:\\Users\\katia\\OneDrive\\Рабочий стол\\Eventmi-AppSkeleton\\Eventmi.Tests\\bin\\Debug\\net6.0\\fine-code-coverage\\build-output\\Eventmi.Tests.dll","CodeFilePath":null,"LineNumber":0,"Properties":[{"Key":{"Id":"NUnit.Seed","Label":"Seed","Category":"","Description":"","Attributes":0,"ValueType":"System.String"},"Value":"452984822"}]},"Attachments":[],"Outcome":1,"ErrorMessage":null,"ErrorStackTrace":null,"DisplayName":"GetEventDetails_ReturnsSuccesAndExpectedContent","Messages":[],"ComputerName":"04011987","Duration":"00:00:00.0537880","StartTime":"2024-03-16T13:51:02.3763115+00:00","EndTime":"2024-03-16T13:51:02.430098+00:00","Properties":[{"Key":{"Id":"NUnit.Seed","Label":"Seed","Category":"","Description":"","Attributes":0,"ValueType":"System.String"},"Value":"452984822"}]},{"TestCase":{"Id":"f4abf4bf-8450-f987-2545-b0acc912a49d","FullyQualifiedName":"Eventmi.Tests.EventControllerTests.GetRequest_ReturnsAddView","DisplayName":"GetRequest_ReturnsAddView","ExecutorUri":"executor://NUnit3TestExecutor","Source":"C:\\Users\\katia\\OneDrive\\Рабочий стол\\Eventmi-AppSkeleton\\Eventmi.Tests\\bin\\Debug\\net6.0\\fine-code-coverage\\build-output\\Eventmi.Tests.dll","CodeFilePath":null,"LineNumber":0,"Properties":[{"Key":{"Id":"NUnit.Seed","Label":"Seed","Category":"","Description":"","Attributes":0,"ValueType":"System.String"},"Value":"697212278"}]},"Attachments":[],"Outcome":1,"ErrorMessage":null,"ErrorStackTrace":null,"DisplayName":"GetRequest_ReturnsAddView","Messages":[],"ComputerName":"04011987","Duration":"00:00:00.0442570","StartTime":"2024-03-16T13:51:02.4302868+00:00","EndTime":"2024-03-16T13:51:02.4745437+00:00","Properties":[{"Key":{"Id":"NUnit.Seed","Label":"Seed","Category":"","Description":"","Attributes":0,"ValueType":"System.String"},"Value":"697212278"}]}],"TestRunStatistics":{"ExecutedTests":9,"Stats":{"Passed":8,"Failed":1}},"ActiveTests":[]},"RunAttachments":[],"ExecutorUris":["executor://nunit3testexecutor/"]}}
TpTrace Verbose: 0 : 22972, 13, 2024/03/16, 15:51:02.537, 73932789646, vstest.console.dll, TestRequestSender.EndSession: Sending end session.
TpTrace Verbose: 0 : 22972, 13, 2024/03/16, 15:51:02.538, 73932793951, vstest.console.dll, ProxyOperationManager.Close: waiting for test host to exit for 100 ms
TpTrace Verbose: 0 : 22972, 11, 2024/03/16, 15:51:02.567, 73933088324, vstest.console.dll, TestHostManagerCallbacks.ctor: Experimental forwarding output is disabled.
TpTrace Warning: 0 : 22972, 11, 2024/03/16, 15:51:02.568, 73933090792, vstest.console.dll, TestHostManagerCallbacks.ErrorReceivedCallback Test host standard error line: 
TpTrace Verbose: 0 : 22972, 11, 2024/03/16, 15:51:02.591, 73933328763, vstest.console.dll, TestHostProvider.ExitCallBack: Host exited starting callback.
TpTrace Information: 0 : 22972, 11, 2024/03/16, 15:51:02.592, 73933331765, vstest.console.dll, TestHostManagerCallbacks.ExitCallBack: Testhost processId: 24620 exited with exitcode: 0 error: ''
TpTrace Verbose: 0 : 22972, 11, 2024/03/16, 15:51:02.592, 73933332686, vstest.console.dll, DotnetTestHostManager.OnHostExited: invoking OnHostExited callback
TpTrace Verbose: 0 : 22972, 11, 2024/03/16, 15:51:02.592, 73933333944, vstest.console.dll, CrossPlatEngine.TestHostManagerHostExited: calling on client process exit callback.
TpTrace Information: 0 : 22972, 11, 2024/03/16, 15:51:02.592, 73933335569, vstest.console.dll, TestRequestSender.OnClientProcessExit: Test host process exited. Standard error: 
TpTrace Information: 0 : 22972, 11, 2024/03/16, 15:51:02.592, 73933336447, vstest.console.dll, SocketServer.Stop: Stop server endPoint: 127.0.0.1:52528
TpTrace Information: 0 : 22972, 11, 2024/03/16, 15:51:02.592, 73933337268, vstest.console.dll, SocketServer.Stop: Cancellation requested. Stopping message loop.
TpTrace Information: 0 : 22972, 13, 2024/03/16, 15:51:02.592, 73933336472, vstest.console.dll, SocketServer.Stop: Stop server endPoint: 127.0.0.1:52528
TpTrace Information: 0 : 22972, 13, 2024/03/16, 15:51:02.592, 73933338993, vstest.console.dll, SocketServer.Stop: Cancellation requested. Stopping message loop.
TpTrace Information: 0 : 22972, 13, 2024/03/16, 15:51:02.592, 73933339833, vstest.console.dll, Closing the connection
TpTrace Verbose: 0 : 22972, 11, 2024/03/16, 15:51:02.592, 73933340132, vstest.console.dll, MulticastDelegateUtilities.SafeInvoke: HostProviderEvents.OnHostExited: Invoking callback 1/1 for Microsoft.VisualStudio.TestPlatform.CrossPlatEngine.Client.ProxyOperationManager., took 0 ms.
TpTrace Verbose: 0 : 22972, 13, 2024/03/16, 15:51:02.593, 73933343680, vstest.console.dll, ProxyDataCollectionManager.InvokeDataCollectionServiceAction: Starting.
TpTrace Information: 0 : 22972, 13, 2024/03/16, 15:51:02.593, 73933344724, vstest.console.dll, ProxyDataCollectionManager.AfterTestRunEnd: Get attachment set and invoked data collectors processId: 16712 port: 52525
TpTrace Verbose: 0 : 22972, 13, 2024/03/16, 15:51:02.593, 73933345615, vstest.console.dll, DataCollectionRequestSender.SendAfterTestRunStartAndGetResult: Send AfterTestRunEnd message with isCancelled: False
TpTrace Verbose: 0 : 22972, 13, 2024/03/16, 15:51:02.607, 73933482493, vstest.console.dll, DataCollectionRequestSender.SendAfterTestRunStartAndGetResult: Received message: (DataCollection.AfterTestRunEndResult) -> {"MessageType":"DataCollection.AfterTestRunEndResult","Payload":{"AttachmentSets":[],"InvokedDataCollectors":[{"Uri":"datacollector://Microsoft/TestPlatform/Extensions/Blame/v1","FriendlyName":"Blame","AssemblyQualifiedName":"Microsoft.TestPlatform.Extensions.BlameDataCollector.BlameCollector, Microsoft.TestPlatform.Extensions.BlameDataCollector, Version=15.0.0.0, Culture=neutral, PublicKeyToken=b03f5f7f11d50a3a","FilePath":"C:\\Program Files\\dotnet\\sdk\\8.0.200\\Extensions\\Microsoft.TestPlatform.Extensions.BlameDataCollector.dll","HasAttachmentProcessor":false}],"Metrics":{}}}
TpTrace Information: 0 : 22972, 13, 2024/03/16, 15:51:02.616, 73933570385, vstest.console.dll, ProxyDataCollectionManager.InvokeDataCollectionServiceAction: Completed.
TpTrace Warning: 0 : 22972, 10, 2024/03/16, 15:51:02.620, 73933619163, vstest.console.dll, DataCollectionLauncher.ErrorReceivedCallback datacollector standard error line: 
TpTrace Information: 0 : 22972, 10, 2024/03/16, 15:51:02.638, 73933791676, vstest.console.dll, DataCollectionLauncher.ExitCallBack: Data collector exited with exitcode: 0 error: ''
TpTrace Verbose: 0 : 22972, 13, 2024/03/16, 15:51:02.674, 73934154286, vstest.console.dll, TestRunRequest:SendTestRunStatsChange: Starting.
TpTrace Verbose: 0 : 22972, 13, 2024/03/16, 15:51:02.674, 73934156452, vstest.console.dll, MulticastDelegateUtilities.SafeInvoke: TestRun.RunStatsChanged: Invoking callbacks was skipped because there are no subscribers.
TpTrace Information: 0 : 22972, 13, 2024/03/16, 15:51:02.674, 73934157041, vstest.console.dll, TestRunRequest:SendTestRunStatsChange: Completed.
TpTrace Verbose: 0 : 22972, 4, 2024/03/16, 15:51:02.674, 73934158215, vstest.console.dll, MulticastDelegateUtilities.SafeInvoke: InternalTestLoggerEvents.SendTestResult: Invoking callback 1/1 for Microsoft.VisualStudio.TestPlatform.CommandLine.Internal.ConsoleLogger., took 0 ms.
TpTrace Verbose: 0 : 22972, 13, 2024/03/16, 15:51:02.675, 73934161459, vstest.console.dll, ParallelProxyExecutionManager: HandlePartialRunComplete: Total workloads = 1, Total started clients = 1 Total completed clients = 1, Run complete = True, Run canceled: False.
TpTrace Verbose: 0 : 22972, 13, 2024/03/16, 15:51:02.675, 73934162160, vstest.console.dll, ParallelProxyExecutionManager: HandlePartialRunComplete: All runs completed stopping all managers.
TpTrace Verbose: 0 : 22972, 4, 2024/03/16, 15:51:02.675, 73934162395, vstest.console.dll, MulticastDelegateUtilities.SafeInvoke: InternalTestLoggerEvents.SendTestResult: Invoking callback 1/1 for Microsoft.VisualStudio.TestPlatform.CommandLine.Internal.ConsoleLogger., took 0 ms.
TpTrace Verbose: 0 : 22972, 13, 2024/03/16, 15:51:02.675, 73934162653, vstest.console.dll, ParallelOperationManager.StopAllManagers: Stopping all managers.
TpTrace Verbose: 0 : 22972, 4, 2024/03/16, 15:51:02.675, 73934163758, vstest.console.dll, MulticastDelegateUtilities.SafeInvoke: InternalTestLoggerEvents.SendTestResult: Invoking callback 1/1 for Microsoft.VisualStudio.TestPlatform.CommandLine.Internal.ConsoleLogger., took 0 ms.
TpTrace Verbose: 0 : 22972, 13, 2024/03/16, 15:51:02.675, 73934164508, vstest.console.dll, ParallelOperationManager.ClearSlots: Clearing all slots. Slots should accept more work: False
TpTrace Verbose: 0 : 22972, 13, 2024/03/16, 15:51:02.675, 73934166601, vstest.console.dll, ParallelOperationManager.SetOccupiedSlotCount: Setting slot counts AvailableSlotCount = 3, OccupiedSlotCount = 0.
TpTrace Verbose: 0 : 22972, 13, 2024/03/16, 15:51:02.675, 73934167441, vstest.console.dll, Occupied slots:

TpTrace Verbose: 0 : 22972, 4, 2024/03/16, 15:51:02.676, 73934174262, vstest.console.dll, MulticastDelegateUtilities.SafeInvoke: InternalTestLoggerEvents.SendTestResult: Invoking callback 1/1 for Microsoft.VisualStudio.TestPlatform.CommandLine.Internal.ConsoleLogger., took 0 ms.
TpTrace Verbose: 0 : 22972, 4, 2024/03/16, 15:51:02.676, 73934176482, vstest.console.dll, MulticastDelegateUtilities.SafeInvoke: InternalTestLoggerEvents.SendTestResult: Invoking callback 1/1 for Microsoft.VisualStudio.TestPlatform.CommandLine.Internal.ConsoleLogger., took 0 ms.
TpTrace Verbose: 0 : 22972, 4, 2024/03/16, 15:51:02.676, 73934177949, vstest.console.dll, MulticastDelegateUtilities.SafeInvoke: InternalTestLoggerEvents.SendTestResult: Invoking callback 1/1 for Microsoft.VisualStudio.TestPlatform.CommandLine.Internal.ConsoleLogger., took 0 ms.
TpTrace Verbose: 0 : 22972, 4, 2024/03/16, 15:51:02.676, 73934178737, vstest.console.dll, MulticastDelegateUtilities.SafeInvoke: InternalTestLoggerEvents.SendTestResult: Invoking callback 1/1 for Microsoft.VisualStudio.TestPlatform.CommandLine.Internal.ConsoleLogger., took 0 ms.
TpTrace Verbose: 0 : 22972, 4, 2024/03/16, 15:51:02.676, 73934179315, vstest.console.dll, MulticastDelegateUtilities.SafeInvoke: InternalTestLoggerEvents.SendTestResult: Invoking callback 1/1 for Microsoft.VisualStudio.TestPlatform.CommandLine.Internal.ConsoleLogger., took 0 ms.
TpTrace Verbose: 0 : 22972, 4, 2024/03/16, 15:51:02.685, 73934266211, vstest.console.dll, MulticastDelegateUtilities.SafeInvoke: InternalTestLoggerEvents.SendTestRunComplete: Invoking callback 1/2 for Microsoft.TestPlatform.Extensions.BlameDataCollector.BlameLogger., took 0 ms.
TpTrace Verbose: 0 : 22972, 4, 2024/03/16, 15:51:02.692, 73934337644, vstest.console.dll, MulticastDelegateUtilities.SafeInvoke: InternalTestLoggerEvents.SendTestRunComplete: Invoking callback 2/2 for Microsoft.VisualStudio.TestPlatform.CommandLine.Internal.ConsoleLogger., took 6 ms.
TpTrace Verbose: 0 : 22972, 13, 2024/03/16, 15:51:02.693, 73934343022, vstest.console.dll, TestRunRequest:TestRunComplete: Starting. IsAborted:False IsCanceled:False.
TpTrace Verbose: 0 : 22972, 13, 2024/03/16, 15:51:02.693, 73934346128, vstest.console.dll, ParallelOperationManager.DoActionOnAllManagers: Calling an action on all managers.
TpTrace Verbose: 0 : 22972, 13, 2024/03/16, 15:51:02.696, 73934377429, vstest.console.dll, TestLoggerManager.HandleTestRunComplete: Ignoring as the object is disposed.
TpTrace Verbose: 0 : 22972, 13, 2024/03/16, 15:51:02.697, 73934381066, vstest.console.dll, MulticastDelegateUtilities.SafeInvoke: TestRun.TestRunComplete: Invoking callback 1/2 for Microsoft.VisualStudio.TestPlatform.CommandLine.TestRunResultAggregator., took 0 ms.
TpTrace Verbose: 0 : 22972, 13, 2024/03/16, 15:51:02.697, 73934382498, vstest.console.dll, MulticastDelegateUtilities.SafeInvoke: TestRun.TestRunComplete: Invoking callback 2/2 for Microsoft.VisualStudio.TestPlatform.CommandLine.Processors.RunTestsArgumentExecutor+TestRunRequestEventsRegistrar., took 0 ms.
TpTrace Information: 0 : 22972, 13, 2024/03/16, 15:51:02.697, 73934383656, vstest.console.dll, TestRunRequest:TestRunComplete: Completed.
TpTrace Verbose: 0 : 22972, 13, 2024/03/16, 15:51:02.697, 73934384130, vstest.console.dll, TestRequestSender.SetOperationComplete: Setting operation complete.
TpTrace Verbose: 0 : 22972, 1, 2024/03/16, 15:51:02.697, 73934384216, vstest.console.dll, TestRunRequest.Dispose: Starting.
TpTrace Information: 0 : 22972, 13, 2024/03/16, 15:51:02.697, 73934384633, vstest.console.dll, SocketServer.Stop: Stop server endPoint: 127.0.0.1:52528
TpTrace Information: 0 : 22972, 1, 2024/03/16, 15:51:02.697, 73934386190, vstest.console.dll, TestRunRequest.Dispose: Completed.
TpTrace Information: 0 : 22972, 13, 2024/03/16, 15:51:02.697, 73934386696, vstest.console.dll, SocketServer.Stop: Cancellation requested. Stopping message loop.
TpTrace Verbose: 0 : 22972, 13, 2024/03/16, 15:51:02.697, 73934388610, vstest.console.dll, MulticastDelegateUtilities.SafeInvoke: LengthPrefixCommunicationChannel: MessageReceived: Invoking callback 1/1 for Microsoft.VisualStudio.TestPlatform.CommunicationUtilities.TestRequestSender+<>c__DisplayClass34_0., took 160 ms.
TpTrace Information: 0 : 22972, 1, 2024/03/16, 15:51:02.697, 73934388019, vstest.console.dll, TestRequestManager.RunTests: run tests completed.
TpTrace Information: 0 : 22972, 13, 2024/03/16, 15:51:02.697, 73934389272, vstest.console.dll, SocketServer.PrivateStop: Stopping server endPoint: 127.0.0.1:52528 error: 
TpTrace Information: 0 : 22972, 1, 2024/03/16, 15:51:02.698, 73934391562, vstest.console.dll, RunTestsArgumentProcessor:Execute: Test run is completed.
TpTrace Verbose: 0 : 22972, 13, 2024/03/16, 15:51:02.698, 73934396204, vstest.console.dll, LengthPrefixCommunicationChannel.Dispose: Dispose reader and writer.
TpTrace Verbose: 0 : 22972, 1, 2024/03/16, 15:51:02.698, 73934397032, vstest.console.dll, Executor.Execute: Exiting with exit code of 1
TpTrace Information: 0 : 22972, 13, 2024/03/16, 15:51:02.698, 73934397762, vstest.console.dll, SocketServer.Stop: Raise disconnected event endPoint: 127.0.0.1:52528 error: 
TpTrace Verbose: 0 : 22972, 13, 2024/03/16, 15:51:02.699, 73934400593, vstest.console.dll, TestRequestSender: OnTestRunAbort: Operation is already complete. Skip error message.
TpTrace Verbose: 0 : 22972, 13, 2024/03/16, 15:51:02.699, 73934401626, vstest.console.dll, MulticastDelegateUtilities.SafeInvoke: SocketServer: ClientDisconnected: Invoking callback 1/1 for Microsoft.VisualStudio.TestPlatform.CommunicationUtilities.TestRequestSender., took 0 ms.
TpTrace Verbose: 0 : 22972, 13, 2024/03/16, 15:51:02.699, 73934402224, vstest.console.dll, TcpClientExtensions.MessageLoopAsync: exiting MessageLoopAsync remoteEndPoint: 127.0.0.1:52529 localEndPoint: 127.0.0.1:52528
